{"C:\\Users\\prath\\crm\\src\\about.component.ts": {"path":"C:\\Users\\prath\\crm\\src\\about.component.ts","statementMap":{"0":{"start":{"line":1,"column":0},"end":{"line":1,"column":42}},"1":{"start":{"line":2,"column":0},"end":{"line":2,"column":47}},"2":{"start":{"line":3,"column":0},"end":{"line":3,"column":71}},"3":{"start":{"line":4,"column":0},"end":{"line":4,"column":97}},"4":{"start":{"line":12,"column":7},"end":{"line":12,"column":null}},"5":{"start":{"line":12,"column":13},"end":{"line":12,"column":27}},"6":{"start":{"line":12,"column":13},"end":{"line":12,"column":null}}},"fnMap":{},"branchMap":{},"s":{"0":0,"1":0,"2":0,"3":0,"4":0,"5":0,"6":0},"f":{},"b":{}}
,"C:\\Users\\prath\\crm\\src\\account-not-found.component.ts": {"path":"C:\\Users\\prath\\crm\\src\\account-not-found.component.ts","statementMap":{"0":{"start":{"line":1,"column":0},"end":{"line":1,"column":42}},"1":{"start":{"line":2,"column":0},"end":{"line":2,"column":45}},"2":{"start":{"line":9,"column":7},"end":{"line":9,"column":null}},"3":{"start":{"line":9,"column":13},"end":{"line":9,"column":37}},"4":{"start":{"line":9,"column":13},"end":{"line":9,"column":null}}},"fnMap":{},"branchMap":{},"s":{"0":0,"1":0,"2":0,"3":0,"4":0},"f":{},"b":{}}
,"C:\\Users\\prath\\crm\\src\\admin.guard.ts": {"path":"C:\\Users\\prath\\crm\\src\\admin.guard.ts","statementMap":{"0":{"start":{"line":1,"column":0},"end":{"line":1,"column":39}},"1":{"start":{"line":2,"column":0},"end":{"line":2,"column":56}},"2":{"start":{"line":3,"column":0},"end":{"line":3,"column":45}},"3":{"start":{"line":4,"column":0},"end":{"line":4,"column":47}},"4":{"start":{"line":6,"column":41},"end":{"line":38,"column":1}},"5":{"start":{"line":7,"column":24},"end":{"line":7,"column":43}},"6":{"start":{"line":8,"column":19},"end":{"line":8,"column":33}},"7":{"start":{"line":9,"column":25},"end":{"line":9,"column":45}},"8":{"start":{"line":11,"column":4},"end":{"line":37,"column":5}},"9":{"start":{"line":12,"column":28},"end":{"line":12,"column":53}},"10":{"start":{"line":14,"column":8},"end":{"line":16,"column":9}},"11":{"start":{"line":15,"column":12},"end":{"line":15,"column":24}},"12":{"start":{"line":19,"column":8},"end":{"line":30,"column":9}},"13":{"start":{"line":21,"column":12},"end":{"line":21,"column":84}},"14":{"start":{"line":22,"column":12},"end":{"line":22,"column":94}},"15":{"start":{"line":23,"column":12},"end":{"line":23,"column":70}},"16":{"start":{"line":26,"column":12},"end":{"line":26,"column":76}},"17":{"start":{"line":27,"column":12},"end":{"line":29,"column":15}},"18":{"start":{"line":32,"column":8},"end":{"line":32,"column":51}},"19":{"start":{"line":33,"column":8},"end":{"line":33,"column":89}},"20":{"start":{"line":36,"column":8},"end":{"line":36,"column":48}},"21":{"start":{"line":6,"column":13},"end":{"line":6,"column":41}}},"fnMap":{"0":{"name":"(anonymous_0)","decl":{"start":{"line":6,"column":41},"end":{"line":6,"column":42}},"loc":{"start":{"line":6,"column":58},"end":{"line":38,"column":1}}}},"branchMap":{"0":{"loc":{"start":{"line":14,"column":8},"end":{"line":16,"column":9}},"type":"if","locations":[{"start":{"line":14,"column":8},"end":{"line":16,"column":9}},{"start":{},"end":{}}]},"1":{"loc":{"start":{"line":14,"column":12},"end":{"line":14,"column":65}},"type":"binary-expr","locations":[{"start":{"line":14,"column":12},"end":{"line":14,"column":23}},{"start":{"line":14,"column":27},"end":{"line":14,"column":65}}]},"2":{"loc":{"start":{"line":19,"column":8},"end":{"line":30,"column":9}},"type":"if","locations":[{"start":{"line":19,"column":8},"end":{"line":30,"column":9}},{"start":{"line":24,"column":15},"end":{"line":30,"column":9}}]}},"s":{"0":0,"1":0,"2":0,"3":0,"4":0,"5":0,"6":0,"7":0,"8":0,"9":0,"10":0,"11":0,"12":0,"13":0,"14":0,"15":0,"16":0,"17":0,"18":0,"19":0,"20":0,"21":0},"f":{"0":0},"b":{"0":[0,0],"1":[0,0],"2":[0,0]}}
,"C:\\Users\\prath\\crm\\src\\app.component.ts": {"path":"C:\\Users\\prath\\crm\\src\\app.component.ts","statementMap":{"0":{"start":{"line":1,"column":0},"end":{"line":1,"column":67}},"1":{"start":{"line":2,"column":0},"end":{"line":2,"column":47}},"2":{"start":{"line":3,"column":0},"end":{"line":3,"column":68}},"3":{"start":{"line":14,"column":7},"end":{"line":14,"column":null}},"4":{"start":{"line":14,"column":13},"end":{"line":14,"column":25}},"5":{"start":{"line":14,"column":13},"end":{"line":14,"column":null}}},"fnMap":{},"branchMap":{},"s":{"0":0,"1":0,"2":0,"3":0,"4":0,"5":0},"f":{},"b":{}}
,"C:\\Users\\prath\\crm\\src\\app.routes.ts": {"path":"C:\\Users\\prath\\crm\\src\\app.routes.ts","statementMap":{"0":{"start":{"line":2,"column":0},"end":{"line":2,"column":51}},"1":{"start":{"line":3,"column":0},"end":{"line":3,"column":61}},"2":{"start":{"line":4,"column":0},"end":{"line":4,"column":55}},"3":{"start":{"line":5,"column":0},"end":{"line":5,"column":51}},"4":{"start":{"line":6,"column":0},"end":{"line":6,"column":55}},"5":{"start":{"line":7,"column":0},"end":{"line":7,"column":49}},"6":{"start":{"line":8,"column":0},"end":{"line":8,"column":55}},"7":{"start":{"line":9,"column":0},"end":{"line":9,"column":55}},"8":{"start":{"line":10,"column":0},"end":{"line":10,"column":51}},"9":{"start":{"line":11,"column":0},"end":{"line":11,"column":73}},"10":{"start":{"line":12,"column":0},"end":{"line":12,"column":56}},"11":{"start":{"line":13,"column":0},"end":{"line":13,"column":51}},"12":{"start":{"line":14,"column":0},"end":{"line":14,"column":59}},"13":{"start":{"line":15,"column":0},"end":{"line":15,"column":51}},"14":{"start":{"line":16,"column":0},"end":{"line":16,"column":49}},"15":{"start":{"line":17,"column":0},"end":{"line":17,"column":71}},"16":{"start":{"line":20,"column":0},"end":{"line":20,"column":91}},"17":{"start":{"line":21,"column":0},"end":{"line":21,"column":102}},"18":{"start":{"line":22,"column":0},"end":{"line":22,"column":100}},"19":{"start":{"line":23,"column":0},"end":{"line":23,"column":85}},"20":{"start":{"line":24,"column":0},"end":{"line":24,"column":76}},"21":{"start":{"line":25,"column":0},"end":{"line":25,"column":111}},"22":{"start":{"line":26,"column":0},"end":{"line":26,"column":76}},"23":{"start":{"line":27,"column":0},"end":{"line":27,"column":94}},"24":{"start":{"line":28,"column":0},"end":{"line":28,"column":76}},"25":{"start":{"line":29,"column":0},"end":{"line":29,"column":85}},"26":{"start":{"line":30,"column":0},"end":{"line":30,"column":99}},"27":{"start":{"line":33,"column":0},"end":{"line":33,"column":43}},"28":{"start":{"line":34,"column":0},"end":{"line":34,"column":41}},"29":{"start":{"line":35,"column":0},"end":{"line":35,"column":41}},"30":{"start":{"line":37,"column":13},"end":{"line":186,"column":2}}},"fnMap":{},"branchMap":{},"s":{"0":0,"1":0,"2":0,"3":0,"4":0,"5":0,"6":0,"7":0,"8":0,"9":0,"10":0,"11":0,"12":0,"13":0,"14":0,"15":0,"16":0,"17":0,"18":0,"19":0,"20":0,"21":0,"22":0,"23":0,"24":0,"25":0,"26":0,"27":0,"28":0,"29":0,"30":0},"f":{},"b":{}}
,"C:\\Users\\prath\\crm\\src\\auth.guard.ts": {"path":"C:\\Users\\prath\\crm\\src\\auth.guard.ts","statementMap":{"0":{"start":{"line":1,"column":0},"end":{"line":1,"column":39}},"1":{"start":{"line":2,"column":0},"end":{"line":2,"column":56}},"2":{"start":{"line":3,"column":0},"end":{"line":3,"column":45}},"3":{"start":{"line":4,"column":0},"end":{"line":4,"column":47}},"4":{"start":{"line":6,"column":40},"end":{"line":30,"column":1}},"5":{"start":{"line":7,"column":24},"end":{"line":7,"column":43}},"6":{"start":{"line":8,"column":19},"end":{"line":8,"column":33}},"7":{"start":{"line":9,"column":25},"end":{"line":9,"column":45}},"8":{"start":{"line":11,"column":4},"end":{"line":29,"column":5}},"9":{"start":{"line":12,"column":28},"end":{"line":12,"column":53}},"10":{"start":{"line":14,"column":8},"end":{"line":16,"column":9}},"11":{"start":{"line":15,"column":12},"end":{"line":15,"column":24}},"12":{"start":{"line":19,"column":8},"end":{"line":19,"column":72}},"13":{"start":{"line":20,"column":8},"end":{"line":22,"column":11}},"14":{"start":{"line":24,"column":8},"end":{"line":24,"column":50}},"15":{"start":{"line":25,"column":8},"end":{"line":25,"column":89}},"16":{"start":{"line":28,"column":8},"end":{"line":28,"column":48}},"17":{"start":{"line":6,"column":13},"end":{"line":6,"column":40}}},"fnMap":{"0":{"name":"(anonymous_0)","decl":{"start":{"line":6,"column":40},"end":{"line":6,"column":41}},"loc":{"start":{"line":6,"column":57},"end":{"line":30,"column":1}}}},"branchMap":{"0":{"loc":{"start":{"line":14,"column":8},"end":{"line":16,"column":9}},"type":"if","locations":[{"start":{"line":14,"column":8},"end":{"line":16,"column":9}},{"start":{},"end":{}}]}},"s":{"0":0,"1":0,"2":0,"3":0,"4":0,"5":0,"6":0,"7":0,"8":0,"9":0,"10":0,"11":0,"12":0,"13":0,"14":0,"15":0,"16":0,"17":0},"f":{"0":0},"b":{"0":[0,0]}}
,"C:\\Users\\prath\\crm\\src\\auth.service.ts": {"path":"C:\\Users\\prath\\crm\\src\\auth.service.ts","statementMap":{"0":{"start":{"line":1,"column":0},"end":{"line":1,"column":59}},"1":{"start":{"line":2,"column":0},"end":{"line":2,"column":45}},"2":{"start":{"line":3,"column":0},"end":{"line":3,"column":213}},"3":{"start":{"line":4,"column":0},"end":{"line":4,"column":41}},"4":{"start":{"line":5,"column":0},"end":{"line":5,"column":47}},"5":{"start":{"line":7,"column":23},"end":{"line":15,"column":2}},"6":{"start":{"line":20,"column":7},"end":{"line":296,"column":null}},"7":{"start":{"line":21,"column":12},"end":{"line":21,"column":48}},"8":{"start":{"line":22,"column":12},"end":{"line":22,"column":43}},"9":{"start":{"line":23,"column":12},"end":{"line":23,"column":36}},"10":{"start":{"line":24,"column":12},"end":{"line":24,"column":48}},"11":{"start":{"line":26,"column":4},"end":{"line":26,"column":44}},"12":{"start":{"line":27,"column":4},"end":{"line":27,"column":39}},"13":{"start":{"line":28,"column":4},"end":{"line":28,"column":44}},"14":{"start":{"line":30,"column":21},"end":{"line":30,"column":68}},"15":{"start":{"line":33,"column":8},"end":{"line":48,"column":11}},"16":{"start":{"line":34,"column":12},"end":{"line":47,"column":13}},"17":{"start":{"line":35,"column":16},"end":{"line":35,"column":43}},"18":{"start":{"line":36,"column":16},"end":{"line":36,"column":41}},"19":{"start":{"line":38,"column":16},"end":{"line":43,"column":17}},"20":{"start":{"line":39,"column":39},"end":{"line":39,"column":54}},"21":{"start":{"line":40,"column":20},"end":{"line":42,"column":21}},"22":{"start":{"line":41,"column":24},"end":{"line":41,"column":55}},"23":{"start":{"line":45,"column":16},"end":{"line":45,"column":65}},"24":{"start":{"line":46,"column":16},"end":{"line":46,"column":86}},"25":{"start":{"line":52,"column":25},"end":{"line":52,"column":49}},"26":{"start":{"line":53,"column":8},"end":{"line":53,"column":33}},"27":{"start":{"line":54,"column":8},"end":{"line":54,"column":33}},"28":{"start":{"line":56,"column":8},"end":{"line":68,"column":9}},"29":{"start":{"line":57,"column":27},"end":{"line":57,"column":69}},"30":{"start":{"line":58,"column":12},"end":{"line":58,"column":31}},"31":{"start":{"line":59,"column":12},"end":{"line":59,"column":50}},"32":{"start":{"line":60,"column":12},"end":{"line":60,"column":84}},"33":{"start":{"line":61,"column":12},"end":{"line":61,"column":31}},"34":{"start":{"line":63,"column":12},"end":{"line":63,"column":56}},"35":{"start":{"line":64,"column":12},"end":{"line":64,"column":71}},"36":{"start":{"line":65,"column":12},"end":{"line":65,"column":24}},"37":{"start":{"line":67,"column":12},"end":{"line":67,"column":38}},"38":{"start":{"line":72,"column":8},"end":{"line":78,"column":9}},"39":{"start":{"line":73,"column":12},"end":{"line":73,"column":64}},"40":{"start":{"line":75,"column":12},"end":{"line":75,"column":65}},"41":{"start":{"line":77,"column":12},"end":{"line":77,"column":25}},"42":{"start":{"line":82,"column":8},"end":{"line":82,"column":33}},"43":{"start":{"line":83,"column":8},"end":{"line":83,"column":33}},"44":{"start":{"line":85,"column":8},"end":{"line":97,"column":9}},"45":{"start":{"line":86,"column":27},"end":{"line":86,"column":87}},"46":{"start":{"line":87,"column":12},"end":{"line":87,"column":31}},"47":{"start":{"line":88,"column":12},"end":{"line":88,"column":50}},"48":{"start":{"line":89,"column":12},"end":{"line":89,"column":72}},"49":{"start":{"line":90,"column":12},"end":{"line":90,"column":31}},"50":{"start":{"line":92,"column":12},"end":{"line":92,"column":55}},"51":{"start":{"line":93,"column":12},"end":{"line":93,"column":70}},"52":{"start":{"line":94,"column":12},"end":{"line":94,"column":24}},"53":{"start":{"line":96,"column":12},"end":{"line":96,"column":38}},"54":{"start":{"line":101,"column":8},"end":{"line":101,"column":33}},"55":{"start":{"line":102,"column":8},"end":{"line":102,"column":33}},"56":{"start":{"line":104,"column":8},"end":{"line":116,"column":9}},"57":{"start":{"line":105,"column":27},"end":{"line":105,"column":91}},"58":{"start":{"line":106,"column":12},"end":{"line":106,"column":31}},"59":{"start":{"line":107,"column":12},"end":{"line":107,"column":50}},"60":{"start":{"line":108,"column":12},"end":{"line":108,"column":78}},"61":{"start":{"line":109,"column":12},"end":{"line":109,"column":31}},"62":{"start":{"line":111,"column":12},"end":{"line":111,"column":51}},"63":{"start":{"line":112,"column":12},"end":{"line":112,"column":68}},"64":{"start":{"line":113,"column":12},"end":{"line":113,"column":24}},"65":{"start":{"line":115,"column":12},"end":{"line":115,"column":38}},"66":{"start":{"line":120,"column":8},"end":{"line":143,"column":9}},"67":{"start":{"line":121,"column":12},"end":{"line":125,"column":13}},"68":{"start":{"line":122,"column":16},"end":{"line":122,"column":68}},"69":{"start":{"line":123,"column":16},"end":{"line":123,"column":67}},"70":{"start":{"line":124,"column":16},"end":{"line":124,"column":23}},"71":{"start":{"line":127,"column":12},"end":{"line":139,"column":13}},"72":{"start":{"line":129,"column":16},"end":{"line":132,"column":19}},"73":{"start":{"line":130,"column":20},"end":{"line":130,"column":82}},"74":{"start":{"line":131,"column":20},"end":{"line":131,"column":91}},"75":{"start":{"line":135,"column":16},"end":{"line":138,"column":19}},"76":{"start":{"line":136,"column":20},"end":{"line":136,"column":81}},"77":{"start":{"line":137,"column":20},"end":{"line":137,"column":90}},"78":{"start":{"line":141,"column":12},"end":{"line":141,"column":65}},"79":{"start":{"line":142,"column":12},"end":{"line":142,"column":75}},"80":{"start":{"line":147,"column":8},"end":{"line":147,"column":33}},"81":{"start":{"line":148,"column":8},"end":{"line":148,"column":33}},"82":{"start":{"line":150,"column":8},"end":{"line":160,"column":9}},"83":{"start":{"line":151,"column":12},"end":{"line":151,"column":37}},"84":{"start":{"line":152,"column":12},"end":{"line":152,"column":40}},"85":{"start":{"line":153,"column":12},"end":{"line":153,"column":70}},"86":{"start":{"line":155,"column":12},"end":{"line":155,"column":50}},"87":{"start":{"line":156,"column":12},"end":{"line":156,"column":60}},"88":{"start":{"line":157,"column":12},"end":{"line":157,"column":24}},"89":{"start":{"line":159,"column":12},"end":{"line":159,"column":38}},"90":{"start":{"line":164,"column":8},"end":{"line":169,"column":9}},"91":{"start":{"line":165,"column":12},"end":{"line":165,"column":53}},"92":{"start":{"line":167,"column":12},"end":{"line":167,"column":64}},"93":{"start":{"line":176,"column":26},"end":{"line":176,"column":40}},"94":{"start":{"line":178,"column":8},"end":{"line":210,"column":9}},"95":{"start":{"line":179,"column":12},"end":{"line":209,"column":13}},"96":{"start":{"line":181,"column":20},"end":{"line":181,"column":77}},"97":{"start":{"line":182,"column":20},"end":{"line":182,"column":26}},"98":{"start":{"line":184,"column":20},"end":{"line":184,"column":55}},"99":{"start":{"line":185,"column":20},"end":{"line":185,"column":26}},"100":{"start":{"line":187,"column":20},"end":{"line":187,"column":78}},"101":{"start":{"line":188,"column":20},"end":{"line":188,"column":26}},"102":{"start":{"line":190,"column":20},"end":{"line":190,"column":77}},"103":{"start":{"line":191,"column":20},"end":{"line":191,"column":26}},"104":{"start":{"line":193,"column":20},"end":{"line":193,"column":58}},"105":{"start":{"line":194,"column":20},"end":{"line":194,"column":26}},"106":{"start":{"line":196,"column":20},"end":{"line":196,"column":94}},"107":{"start":{"line":197,"column":20},"end":{"line":197,"column":26}},"108":{"start":{"line":199,"column":20},"end":{"line":199,"column":85}},"109":{"start":{"line":200,"column":20},"end":{"line":200,"column":26}},"110":{"start":{"line":202,"column":20},"end":{"line":202,"column":52}},"111":{"start":{"line":203,"column":20},"end":{"line":203,"column":26}},"112":{"start":{"line":205,"column":20},"end":{"line":205,"column":85}},"113":{"start":{"line":206,"column":20},"end":{"line":206,"column":26}},"114":{"start":{"line":208,"column":20},"end":{"line":208,"column":49}},"115":{"start":{"line":212,"column":8},"end":{"line":212,"column":40}},"116":{"start":{"line":213,"column":8},"end":{"line":213,"column":53}},"117":{"start":{"line":220,"column":8},"end":{"line":220,"column":70}},"118":{"start":{"line":221,"column":8},"end":{"line":221,"column":89}},"119":{"start":{"line":224,"column":8},"end":{"line":231,"column":11}},"120":{"start":{"line":225,"column":12},"end":{"line":225,"column":77}},"121":{"start":{"line":227,"column":12},"end":{"line":230,"column":15}},"122":{"start":{"line":228,"column":16},"end":{"line":228,"column":85}},"123":{"start":{"line":229,"column":16},"end":{"line":229,"column":103}},"124":{"start":{"line":240,"column":8},"end":{"line":263,"column":9}},"125":{"start":{"line":240,"column":27},"end":{"line":240,"column":28}},"126":{"start":{"line":241,"column":12},"end":{"line":262,"column":13}},"127":{"start":{"line":242,"column":16},"end":{"line":242,"column":41}},"128":{"start":{"line":244,"column":16},"end":{"line":244,"column":34}},"129":{"start":{"line":247,"column":16},"end":{"line":255,"column":17}},"130":{"start":{"line":254,"column":20},"end":{"line":254,"column":32}},"131":{"start":{"line":257,"column":16},"end":{"line":261,"column":17}},"132":{"start":{"line":258,"column":20},"end":{"line":258,"column":89}},"133":{"start":{"line":260,"column":20},"end":{"line":260,"column":99}},"134":{"start":{"line":260,"column":49},"end":{"line":260,"column":97}},"135":{"start":{"line":265,"column":8},"end":{"line":265,"column":24}},"136":{"start":{"line":272,"column":8},"end":{"line":278,"column":9}},"137":{"start":{"line":273,"column":25},"end":{"line":273,"column":43}},"138":{"start":{"line":274,"column":12},"end":{"line":274,"column":56}},"139":{"start":{"line":276,"column":12},"end":{"line":276,"column":72}},"140":{"start":{"line":277,"column":12},"end":{"line":277,"column":25}},"141":{"start":{"line":285,"column":8},"end":{"line":294,"column":9}},"142":{"start":{"line":286,"column":25},"end":{"line":286,"column":43}},"143":{"start":{"line":287,"column":12},"end":{"line":289,"column":13}},"144":{"start":{"line":288,"column":16},"end":{"line":288,"column":33}},"145":{"start":{"line":290,"column":12},"end":{"line":290,"column":63}},"146":{"start":{"line":292,"column":12},"end":{"line":292,"column":65}},"147":{"start":{"line":293,"column":12},"end":{"line":293,"column":29}},"148":{"start":{"line":20,"column":13},"end":{"line":20,"column":24}},"149":{"start":{"line":20,"column":13},"end":{"line":296,"column":null}}},"fnMap":{"0":{"name":"(anonymous_1)","decl":{"start":{"line":32,"column":4},"end":{"line":32,"column":null}},"loc":{"start":{"line":32,"column":4},"end":{"line":49,"column":5}}},"1":{"name":"(anonymous_2)","decl":{"start":{"line":33,"column":38},"end":{"line":33,"column":39}},"loc":{"start":{"line":33,"column":47},"end":{"line":48,"column":9}}},"2":{"name":"(anonymous_3)","decl":{"start":{"line":51,"column":4},"end":{"line":51,"column":9}},"loc":{"start":{"line":51,"column":60},"end":{"line":69,"column":5}}},"3":{"name":"(anonymous_4)","decl":{"start":{"line":71,"column":4},"end":{"line":71,"column":11}},"loc":{"start":{"line":71,"column":44},"end":{"line":79,"column":5}}},"4":{"name":"(anonymous_5)","decl":{"start":{"line":81,"column":4},"end":{"line":81,"column":9}},"loc":{"start":{"line":81,"column":56},"end":{"line":98,"column":5}}},"5":{"name":"(anonymous_6)","decl":{"start":{"line":100,"column":4},"end":{"line":100,"column":9}},"loc":{"start":{"line":100,"column":57},"end":{"line":117,"column":5}}},"6":{"name":"(anonymous_7)","decl":{"start":{"line":119,"column":12},"end":{"line":119,"column":31}},"loc":{"start":{"line":119,"column":42},"end":{"line":144,"column":5}}},"7":{"name":"(anonymous_8)","decl":{"start":{"line":129,"column":74},"end":{"line":129,"column":79}},"loc":{"start":{"line":129,"column":82},"end":{"line":132,"column":17}}},"8":{"name":"(anonymous_9)","decl":{"start":{"line":135,"column":73},"end":{"line":135,"column":78}},"loc":{"start":{"line":135,"column":81},"end":{"line":138,"column":17}}},"9":{"name":"(anonymous_10)","decl":{"start":{"line":146,"column":4},"end":{"line":146,"column":9}},"loc":{"start":{"line":146,"column":16},"end":{"line":161,"column":5}}},"10":{"name":"(anonymous_11)","decl":{"start":{"line":163,"column":12},"end":{"line":163,"column":23}},"loc":{"start":{"line":163,"column":23},"end":{"line":170,"column":5}}},"11":{"name":"(anonymous_12)","decl":{"start":{"line":175,"column":12},"end":{"line":175,"column":27}},"loc":{"start":{"line":175,"column":62},"end":{"line":214,"column":5}}},"12":{"name":"(anonymous_13)","decl":{"start":{"line":219,"column":12},"end":{"line":219,"column":36}},"loc":{"start":{"line":219,"column":57},"end":{"line":232,"column":5}}},"13":{"name":"(anonymous_14)","decl":{"start":{"line":224,"column":51},"end":{"line":224,"column":64}},"loc":{"start":{"line":224,"column":67},"end":{"line":231,"column":9}}},"14":{"name":"(anonymous_15)","decl":{"start":{"line":227,"column":46},"end":{"line":227,"column":59}},"loc":{"start":{"line":227,"column":62},"end":{"line":230,"column":13}}},"15":{"name":"(anonymous_16)","decl":{"start":{"line":237,"column":4},"end":{"line":237,"column":9}},"loc":{"start":{"line":237,"column":83},"end":{"line":266,"column":5}}},"16":{"name":"(anonymous_17)","decl":{"start":{"line":260,"column":38},"end":{"line":260,"column":45}},"loc":{"start":{"line":260,"column":49},"end":{"line":260,"column":97}}},"17":{"name":"(anonymous_18)","decl":{"start":{"line":271,"column":4},"end":{"line":271,"column":20}},"loc":{"start":{"line":271,"column":20},"end":{"line":279,"column":5}}},"18":{"name":"(anonymous_19)","decl":{"start":{"line":284,"column":4},"end":{"line":284,"column":15}},"loc":{"start":{"line":284,"column":15},"end":{"line":295,"column":5}}}},"branchMap":{"0":{"loc":{"start":{"line":38,"column":16},"end":{"line":43,"column":17}},"type":"if","locations":[{"start":{"line":38,"column":16},"end":{"line":43,"column":17}},{"start":{},"end":{}}]},"1":{"loc":{"start":{"line":40,"column":20},"end":{"line":42,"column":21}},"type":"if","locations":[{"start":{"line":40,"column":20},"end":{"line":42,"column":21}},{"start":{},"end":{}}]},"2":{"loc":{"start":{"line":40,"column":24},"end":{"line":40,"column":69}},"type":"binary-expr","locations":[{"start":{"line":40,"column":24},"end":{"line":40,"column":42}},{"start":{"line":40,"column":46},"end":{"line":40,"column":69}}]},"3":{"loc":{"start":{"line":51,"column":26},"end":{"line":51,"column":60}},"type":"default-arg","locations":[{"start":{"line":51,"column":53},"end":{"line":51,"column":60}}]},"4":{"loc":{"start":{"line":73,"column":19},"end":{"line":73,"column":63}},"type":"binary-expr","locations":[{"start":{"line":73,"column":19},"end":{"line":73,"column":26}},{"start":{"line":73,"column":30},"end":{"line":73,"column":63}}]},"5":{"loc":{"start":{"line":121,"column":12},"end":{"line":125,"column":13}},"type":"if","locations":[{"start":{"line":121,"column":12},"end":{"line":125,"column":13}},{"start":{},"end":{}}]},"6":{"loc":{"start":{"line":121,"column":16},"end":{"line":121,"column":36}},"type":"binary-expr","locations":[{"start":{"line":121,"column":16},"end":{"line":121,"column":21}},{"start":{"line":121,"column":25},"end":{"line":121,"column":36}}]},"7":{"loc":{"start":{"line":127,"column":12},"end":{"line":139,"column":13}},"type":"if","locations":[{"start":{"line":127,"column":12},"end":{"line":139,"column":13}},{"start":{"line":133,"column":19},"end":{"line":139,"column":13}}]},"8":{"loc":{"start":{"line":178,"column":8},"end":{"line":210,"column":9}},"type":"if","locations":[{"start":{"line":178,"column":8},"end":{"line":210,"column":9}},{"start":{},"end":{}}]},"9":{"loc":{"start":{"line":179,"column":12},"end":{"line":209,"column":13}},"type":"switch","locations":[{"start":{"line":180,"column":16},"end":{"line":182,"column":26}},{"start":{"line":183,"column":16},"end":{"line":185,"column":26}},{"start":{"line":186,"column":16},"end":{"line":188,"column":26}},{"start":{"line":189,"column":16},"end":{"line":191,"column":26}},{"start":{"line":192,"column":16},"end":{"line":194,"column":26}},{"start":{"line":195,"column":16},"end":{"line":197,"column":26}},{"start":{"line":198,"column":16},"end":{"line":200,"column":26}},{"start":{"line":201,"column":16},"end":{"line":203,"column":26}},{"start":{"line":204,"column":16},"end":{"line":206,"column":26}},{"start":{"line":207,"column":16},"end":{"line":208,"column":49}}]},"10":{"loc":{"start":{"line":237,"column":61},"end":{"line":237,"column":83}},"type":"default-arg","locations":[{"start":{"line":237,"column":82},"end":{"line":237,"column":83}}]},"11":{"loc":{"start":{"line":247,"column":16},"end":{"line":255,"column":17}},"type":"if","locations":[{"start":{"line":247,"column":16},"end":{"line":255,"column":17}},{"start":{},"end":{}}]},"12":{"loc":{"start":{"line":247,"column":20},"end":{"line":253,"column":38}},"type":"binary-expr","locations":[{"start":{"line":247,"column":20},"end":{"line":247,"column":31}},{"start":{"line":247,"column":35},"end":{"line":253,"column":38}}]},"13":{"loc":{"start":{"line":257,"column":16},"end":{"line":261,"column":17}},"type":"if","locations":[{"start":{"line":257,"column":16},"end":{"line":261,"column":17}},{"start":{},"end":{}}]},"14":{"loc":{"start":{"line":274,"column":19},"end":{"line":274,"column":55}},"type":"binary-expr","locations":[{"start":{"line":274,"column":19},"end":{"line":274,"column":32}},{"start":{"line":274,"column":36},"end":{"line":274,"column":55}}]},"15":{"loc":{"start":{"line":287,"column":12},"end":{"line":289,"column":13}},"type":"if","locations":[{"start":{"line":287,"column":12},"end":{"line":289,"column":13}},{"start":{},"end":{}}]},"16":{"loc":{"start":{"line":287,"column":16},"end":{"line":287,"column":36}},"type":"binary-expr","locations":[{"start":{"line":287,"column":16},"end":{"line":287,"column":21}},{"start":{"line":287,"column":25},"end":{"line":287,"column":36}}]},"17":{"loc":{"start":{"line":290,"column":19},"end":{"line":290,"column":62}},"type":"cond-expr","locations":[{"start":{"line":290,"column":46},"end":{"line":290,"column":53}},{"start":{"line":290,"column":56},"end":{"line":290,"column":62}}]}},"s":{"0":0,"1":0,"2":0,"3":0,"4":0,"5":0,"6":0,"7":0,"8":0,"9":0,"10":0,"11":0,"12":0,"13":0,"14":0,"15":0,"16":0,"17":0,"18":0,"19":0,"20":0,"21":0,"22":0,"23":0,"24":0,"25":0,"26":0,"27":0,"28":0,"29":0,"30":0,"31":0,"32":0,"33":0,"34":0,"35":0,"36":0,"37":0,"38":0,"39":0,"40":0,"41":0,"42":0,"43":0,"44":0,"45":0,"46":0,"47":0,"48":0,"49":0,"50":0,"51":0,"52":0,"53":0,"54":0,"55":0,"56":0,"57":0,"58":0,"59":0,"60":0,"61":0,"62":0,"63":0,"64":0,"65":0,"66":0,"67":0,"68":0,"69":0,"70":0,"71":0,"72":0,"73":0,"74":0,"75":0,"76":0,"77":0,"78":0,"79":0,"80":0,"81":0,"82":0,"83":0,"84":0,"85":0,"86":0,"87":0,"88":0,"89":0,"90":0,"91":0,"92":0,"93":0,"94":0,"95":0,"96":0,"97":0,"98":0,"99":0,"100":0,"101":0,"102":0,"103":0,"104":0,"105":0,"106":0,"107":0,"108":0,"109":0,"110":0,"111":0,"112":0,"113":0,"114":0,"115":0,"116":0,"117":0,"118":0,"119":0,"120":0,"121":0,"122":0,"123":0,"124":0,"125":0,"126":0,"127":0,"128":0,"129":0,"130":0,"131":0,"132":0,"133":0,"134":0,"135":0,"136":0,"137":0,"138":0,"139":0,"140":0,"141":0,"142":0,"143":0,"144":0,"145":0,"146":0,"147":0,"148":0,"149":0},"f":{"0":0,"1":0,"2":0,"3":0,"4":0,"5":0,"6":0,"7":0,"8":0,"9":0,"10":0,"11":0,"12":0,"13":0,"14":0,"15":0,"16":0,"17":0,"18":0},"b":{"0":[0,0],"1":[0,0],"2":[0,0],"3":[0],"4":[0,0],"5":[0,0],"6":[0,0],"7":[0,0],"8":[0,0],"9":[0,0,0,0,0,0,0,0,0,0],"10":[0],"11":[0,0],"12":[0,0],"13":[0,0],"14":[0,0],"15":[0,0],"16":[0,0],"17":[0,0]}}
,"C:\\Users\\prath\\crm\\src\\blog.component.ts": {"path":"C:\\Users\\prath\\crm\\src\\blog.component.ts","statementMap":{"0":{"start":{"line":1,"column":0},"end":{"line":1,"column":67}},"1":{"start":{"line":2,"column":0},"end":{"line":2,"column":71}},"2":{"start":{"line":3,"column":0},"end":{"line":3,"column":97}},"3":{"start":{"line":11,"column":7},"end":{"line":11,"column":null}},"4":{"start":{"line":11,"column":13},"end":{"line":11,"column":26}},"5":{"start":{"line":11,"column":13},"end":{"line":11,"column":null}}},"fnMap":{},"branchMap":{},"s":{"0":0,"1":0,"2":0,"3":0,"4":0,"5":0},"f":{},"b":{}}
,"C:\\Users\\prath\\crm\\src\\brand.component.ts": {"path":"C:\\Users\\prath\\crm\\src\\brand.component.ts","statementMap":{"0":{"start":{"line":1,"column":0},"end":{"line":1,"column":42}},"1":{"start":{"line":2,"column":0},"end":{"line":2,"column":47}},"2":{"start":{"line":3,"column":0},"end":{"line":3,"column":71}},"3":{"start":{"line":4,"column":0},"end":{"line":4,"column":97}},"4":{"start":{"line":12,"column":7},"end":{"line":12,"column":null}},"5":{"start":{"line":12,"column":13},"end":{"line":12,"column":27}},"6":{"start":{"line":12,"column":13},"end":{"line":12,"column":null}}},"fnMap":{},"branchMap":{},"s":{"0":0,"1":0,"2":0,"3":0,"4":0,"5":0,"6":0},"f":{},"b":{}}
,"C:\\Users\\prath\\crm\\src\\changelog.component.ts": {"path":"C:\\Users\\prath\\crm\\src\\changelog.component.ts","statementMap":{"0":{"start":{"line":1,"column":0},"end":{"line":1,"column":42}},"1":{"start":{"line":2,"column":0},"end":{"line":2,"column":47}},"2":{"start":{"line":3,"column":0},"end":{"line":3,"column":71}},"3":{"start":{"line":4,"column":0},"end":{"line":4,"column":97}},"4":{"start":{"line":12,"column":7},"end":{"line":12,"column":null}},"5":{"start":{"line":12,"column":13},"end":{"line":12,"column":31}},"6":{"start":{"line":12,"column":13},"end":{"line":12,"column":null}}},"fnMap":{},"branchMap":{},"s":{"0":0,"1":0,"2":0,"3":0,"4":0,"5":0,"6":0},"f":{},"b":{}}
,"C:\\Users\\prath\\crm\\src\\contact-detail.component.ts": {"path":"C:\\Users\\prath\\crm\\src\\contact-detail.component.ts","statementMap":{"0":{"start":{"line":1,"column":0},"end":{"line":1,"column":75}},"1":{"start":{"line":2,"column":0},"end":{"line":2,"column":61}},"2":{"start":{"line":3,"column":0},"end":{"line":3,"column":54}},"3":{"start":{"line":4,"column":0},"end":{"line":4,"column":37}},"4":{"start":{"line":5,"column":0},"end":{"line":5,"column":51}},"5":{"start":{"line":6,"column":0},"end":{"line":6,"column":57}},"6":{"start":{"line":14,"column":7},"end":{"line":49,"column":null}},"7":{"start":{"line":15,"column":10},"end":{"line":15,"column":41}},"8":{"start":{"line":16,"column":10},"end":{"line":16,"column":50}},"9":{"start":{"line":18,"column":10},"end":{"line":18,"column":79}},"10":{"start":{"line":18,"column":59},"end":{"line":18,"column":76}},"11":{"start":{"line":20,"column":2},"end":{"line":24,"column":4}},"12":{"start":{"line":22,"column":16},"end":{"line":22,"column":47}},"13":{"start":{"line":27,"column":4},"end":{"line":27,"column":51}},"14":{"start":{"line":27,"column":16},"end":{"line":27,"column":51}},"15":{"start":{"line":28,"column":4},"end":{"line":37,"column":5}},"16":{"start":{"line":30,"column":8},"end":{"line":30,"column":47}},"17":{"start":{"line":32,"column":8},"end":{"line":32,"column":45}},"18":{"start":{"line":34,"column":8},"end":{"line":34,"column":47}},"19":{"start":{"line":36,"column":8},"end":{"line":36,"column":43}},"20":{"start":{"line":41,"column":4},"end":{"line":41,"column":40}},"21":{"start":{"line":41,"column":30},"end":{"line":41,"column":40}},"22":{"start":{"line":42,"column":4},"end":{"line":47,"column":22}},"23":{"start":{"line":14,"column":13},"end":{"line":14,"column":35}},"24":{"start":{"line":14,"column":13},"end":{"line":49,"column":null}}},"fnMap":{"0":{"name":"(anonymous_1)","decl":{"start":{"line":14,"column":7},"end":{"line":14,"column":13}},"loc":{"start":{"line":14,"column":7},"end":{"line":49,"column":1}}},"1":{"name":"(anonymous_2)","decl":{"start":{"line":18,"column":49},"end":{"line":18,"column":55}},"loc":{"start":{"line":18,"column":59},"end":{"line":18,"column":76}}},"2":{"name":"(anonymous_3)","decl":{"start":{"line":22,"column":10},"end":{"line":22,"column":12}},"loc":{"start":{"line":22,"column":16},"end":{"line":22,"column":47}}},"3":{"name":"(anonymous_4)","decl":{"start":{"line":26,"column":2},"end":{"line":26,"column":15}},"loc":{"start":{"line":26,"column":48},"end":{"line":38,"column":3}}},"4":{"name":"(anonymous_5)","decl":{"start":{"line":40,"column":2},"end":{"line":40,"column":16}},"loc":{"start":{"line":40,"column":43},"end":{"line":48,"column":3}}}},"branchMap":{"0":{"loc":{"start":{"line":27,"column":4},"end":{"line":27,"column":51}},"type":"if","locations":[{"start":{"line":27,"column":4},"end":{"line":27,"column":51}},{"start":{},"end":{}}]},"1":{"loc":{"start":{"line":28,"column":4},"end":{"line":37,"column":5}},"type":"switch","locations":[{"start":{"line":29,"column":6},"end":{"line":30,"column":47}},{"start":{"line":31,"column":6},"end":{"line":32,"column":45}},{"start":{"line":33,"column":6},"end":{"line":34,"column":47}},{"start":{"line":35,"column":6},"end":{"line":36,"column":43}}]},"2":{"loc":{"start":{"line":41,"column":4},"end":{"line":41,"column":40}},"type":"if","locations":[{"start":{"line":41,"column":4},"end":{"line":41,"column":40}},{"start":{},"end":{}}]}},"s":{"0":0,"1":0,"2":0,"3":0,"4":0,"5":0,"6":0,"7":0,"8":0,"9":0,"10":0,"11":0,"12":0,"13":0,"14":0,"15":0,"16":0,"17":0,"18":0,"19":0,"20":0,"21":0,"22":0,"23":0,"24":0},"f":{"0":0,"1":0,"2":0,"3":0,"4":0},"b":{"0":[0,0],"1":[0,0,0,0],"2":[0,0]}}
,"C:\\Users\\prath\\crm\\src\\contact.component.ts": {"path":"C:\\Users\\prath\\crm\\src\\contact.component.ts","statementMap":{"0":{"start":{"line":1,"column":0},"end":{"line":1,"column":67}},"1":{"start":{"line":2,"column":0},"end":{"line":2,"column":71}},"2":{"start":{"line":3,"column":0},"end":{"line":3,"column":71}},"3":{"start":{"line":11,"column":7},"end":{"line":11,"column":null}},"4":{"start":{"line":11,"column":13},"end":{"line":11,"column":29}},"5":{"start":{"line":11,"column":13},"end":{"line":11,"column":null}}},"fnMap":{},"branchMap":{},"s":{"0":0,"1":0,"2":0,"3":0,"4":0,"5":0},"f":{},"b":{}}
,"C:\\Users\\prath\\crm\\src\\contact.service.ts": {"path":"C:\\Users\\prath\\crm\\src\\contact.service.ts","statementMap":{"0":{"start":{"line":1,"column":0},"end":{"line":1,"column":59}},"1":{"start":{"line":2,"column":0},"end":{"line":2,"column":50}},"2":{"start":{"line":3,"column":0},"end":{"line":3,"column":38}},"3":{"start":{"line":4,"column":0},"end":{"line":4,"column":58}},"4":{"start":{"line":24,"column":7},"end":{"line":88,"column":null}},"5":{"start":{"line":25,"column":10},"end":{"line":25,"column":36}},"6":{"start":{"line":26,"column":10},"end":{"line":26,"column":56}},"7":{"start":{"line":27,"column":10},"end":{"line":27,"column":40}},"8":{"start":{"line":28,"column":10},"end":{"line":28,"column":45}},"9":{"start":{"line":29,"column":2},"end":{"line":29,"column":27}},"10":{"start":{"line":32,"column":4},"end":{"line":32,"column":22}},"11":{"start":{"line":36,"column":4},"end":{"line":36,"column":29}},"12":{"start":{"line":37,"column":4},"end":{"line":45,"column":5}},"13":{"start":{"line":38,"column":20},"end":{"line":38,"column":80}},"14":{"start":{"line":39,"column":6},"end":{"line":39,"column":31}},"15":{"start":{"line":40,"column":6},"end":{"line":40,"column":32}},"16":{"start":{"line":42,"column":6},"end":{"line":42,"column":53}},"17":{"start":{"line":44,"column":6},"end":{"line":44,"column":32}},"18":{"start":{"line":49,"column":29},"end":{"line":49,"column":73}},"19":{"start":{"line":50,"column":21},"end":{"line":50,"column":96}},"20":{"start":{"line":51,"column":4},"end":{"line":51,"column":37}},"21":{"start":{"line":55,"column":4},"end":{"line":55,"column":43}},"22":{"start":{"line":60,"column":29},"end":{"line":60,"column":73}},"23":{"start":{"line":61,"column":4},"end":{"line":63,"column":5}},"24":{"start":{"line":62,"column":6},"end":{"line":62,"column":40}},"25":{"start":{"line":64,"column":4},"end":{"line":64,"column":43}},"26":{"start":{"line":68,"column":4},"end":{"line":68,"column":61}},"27":{"start":{"line":68,"column":45},"end":{"line":68,"column":59}},"28":{"start":{"line":72,"column":4},"end":{"line":86,"column":5}},"29":{"start":{"line":73,"column":31},"end":{"line":73,"column":75}},"30":{"start":{"line":74,"column":31},"end":{"line":78,"column":8}},"31":{"start":{"line":80,"column":25},"end":{"line":80,"column":102}},"32":{"start":{"line":81,"column":6},"end":{"line":81,"column":60}},"33":{"start":{"line":81,"column":36},"end":{"line":81,"column":58}},"34":{"start":{"line":82,"column":6},"end":{"line":82,"column":32}},"35":{"start":{"line":84,"column":6},"end":{"line":84,"column":53}},"36":{"start":{"line":85,"column":6},"end":{"line":85,"column":18}},"37":{"start":{"line":24,"column":13},"end":{"line":24,"column":27}},"38":{"start":{"line":24,"column":13},"end":{"line":88,"column":null}}},"fnMap":{"0":{"name":"(anonymous_1)","decl":{"start":{"line":31,"column":2},"end":{"line":31,"column":null}},"loc":{"start":{"line":31,"column":2},"end":{"line":33,"column":3}}},"1":{"name":"(anonymous_2)","decl":{"start":{"line":35,"column":10},"end":{"line":35,"column":15}},"loc":{"start":{"line":35,"column":26},"end":{"line":46,"column":3}}},"2":{"name":"(anonymous_3)","decl":{"start":{"line":48,"column":10},"end":{"line":48,"column":28}},"loc":{"start":{"line":48,"column":28},"end":{"line":52,"column":3}}},"3":{"name":"(anonymous_4)","decl":{"start":{"line":54,"column":2},"end":{"line":54,"column":10}},"loc":{"start":{"line":54,"column":10},"end":{"line":56,"column":3}}},"4":{"name":"(anonymous_5)","decl":{"start":{"line":58,"column":2},"end":{"line":58,"column":13}},"loc":{"start":{"line":58,"column":13},"end":{"line":65,"column":3}}},"5":{"name":"(anonymous_6)","decl":{"start":{"line":67,"column":2},"end":{"line":67,"column":9}},"loc":{"start":{"line":67,"column":20},"end":{"line":69,"column":3}}},"6":{"name":"(anonymous_7)","decl":{"start":{"line":68,"column":37},"end":{"line":68,"column":41}},"loc":{"start":{"line":68,"column":45},"end":{"line":68,"column":59}}},"7":{"name":"(anonymous_8)","decl":{"start":{"line":71,"column":2},"end":{"line":71,"column":7}},"loc":{"start":{"line":71,"column":44},"end":{"line":87,"column":3}}},"8":{"name":"(anonymous_9)","decl":{"start":{"line":81,"column":27},"end":{"line":81,"column":32}},"loc":{"start":{"line":81,"column":36},"end":{"line":81,"column":58}}}},"branchMap":{"0":{"loc":{"start":{"line":61,"column":4},"end":{"line":63,"column":5}},"type":"if","locations":[{"start":{"line":61,"column":4},"end":{"line":63,"column":5}},{"start":{},"end":{}}]}},"s":{"0":0,"1":0,"2":0,"3":0,"4":0,"5":0,"6":0,"7":0,"8":0,"9":0,"10":0,"11":0,"12":0,"13":0,"14":0,"15":0,"16":0,"17":0,"18":0,"19":0,"20":0,"21":0,"22":0,"23":0,"24":0,"25":0,"26":0,"27":0,"28":0,"29":0,"30":0,"31":0,"32":0,"33":0,"34":0,"35":0,"36":0,"37":0,"38":0},"f":{"0":0,"1":0,"2":0,"3":0,"4":0,"5":0,"6":0,"7":0,"8":0},"b":{"0":[0,0]}}
,"C:\\Users\\prath\\crm\\src\\contacts.component.ts": {"path":"C:\\Users\\prath\\crm\\src\\contacts.component.ts","statementMap":{"0":{"start":{"line":1,"column":0},"end":{"line":1,"column":93}},"1":{"start":{"line":2,"column":0},"end":{"line":2,"column":51}},"2":{"start":{"line":3,"column":0},"end":{"line":3,"column":45}},"3":{"start":{"line":4,"column":0},"end":{"line":4,"column":57}},"4":{"start":{"line":12,"column":7},"end":{"line":142,"column":null}},"5":{"start":{"line":13,"column":10},"end":{"line":13,"column":50}},"6":{"start":{"line":14,"column":2},"end":{"line":14,"column":44}},"7":{"start":{"line":16,"column":2},"end":{"line":16,"column":19}},"8":{"start":{"line":17,"column":2},"end":{"line":17,"column":26}},"9":{"start":{"line":18,"column":2},"end":{"line":18,"column":27}},"10":{"start":{"line":19,"column":2},"end":{"line":19,"column":51}},"11":{"start":{"line":21,"column":2},"end":{"line":28,"column":5}},"12":{"start":{"line":22,"column":18},"end":{"line":22,"column":50}},"13":{"start":{"line":23,"column":4},"end":{"line":27,"column":6}},"14":{"start":{"line":24,"column":6},"end":{"line":26,"column":48}},"15":{"start":{"line":30,"column":2},"end":{"line":34,"column":5}},"16":{"start":{"line":31,"column":18},"end":{"line":31,"column":62}},"17":{"start":{"line":32,"column":16},"end":{"line":32,"column":41}},"18":{"start":{"line":33,"column":4},"end":{"line":33,"column":50}},"19":{"start":{"line":37,"column":2},"end":{"line":44,"column":5}},"20":{"start":{"line":38,"column":18},"end":{"line":38,"column":39}},"21":{"start":{"line":39,"column":27},"end":{"line":39,"column":59}},"22":{"start":{"line":40,"column":4},"end":{"line":42,"column":5}},"23":{"start":{"line":41,"column":6},"end":{"line":41,"column":61}},"24":{"start":{"line":43,"column":4},"end":{"line":43,"column":17}},"25":{"start":{"line":46,"column":2},"end":{"line":46,"column":90}},"26":{"start":{"line":46,"column":30},"end":{"line":46,"column":88}},"27":{"start":{"line":48,"column":2},"end":{"line":65,"column":5}},"28":{"start":{"line":49,"column":18},"end":{"line":49,"column":35}},"29":{"start":{"line":50,"column":20},"end":{"line":50,"column":38}},"30":{"start":{"line":51,"column":39},"end":{"line":51,"column":41}},"31":{"start":{"line":53,"column":4},"end":{"line":55,"column":5}},"32":{"start":{"line":54,"column":6},"end":{"line":54,"column":60}},"33":{"start":{"line":54,"column":53},"end":{"line":54,"column":58}},"34":{"start":{"line":57,"column":4},"end":{"line":63,"column":5}},"35":{"start":{"line":58,"column":6},"end":{"line":58,"column":46}},"36":{"start":{"line":59,"column":11},"end":{"line":63,"column":5}},"37":{"start":{"line":60,"column":6},"end":{"line":60,"column":78}},"38":{"start":{"line":62,"column":6},"end":{"line":62,"column":76}},"39":{"start":{"line":64,"column":4},"end":{"line":64,"column":17}},"40":{"start":{"line":68,"column":4},"end":{"line":70,"column":5}},"41":{"start":{"line":69,"column":6},"end":{"line":69,"column":33}},"42":{"start":{"line":74,"column":4},"end":{"line":76,"column":5}},"43":{"start":{"line":75,"column":6},"end":{"line":75,"column":42}},"44":{"start":{"line":75,"column":35},"end":{"line":75,"column":40}},"45":{"start":{"line":80,"column":4},"end":{"line":82,"column":5}},"46":{"start":{"line":81,"column":6},"end":{"line":81,"column":42}},"47":{"start":{"line":81,"column":35},"end":{"line":81,"column":40}},"48":{"start":{"line":86,"column":18},"end":{"line":86,"column":50}},"49":{"start":{"line":87,"column":4},"end":{"line":87,"column":38}},"50":{"start":{"line":88,"column":4},"end":{"line":88,"column":28}},"51":{"start":{"line":92,"column":4},"end":{"line":100,"column":7}},"52":{"start":{"line":93,"column":21},"end":{"line":93,"column":33}},"53":{"start":{"line":94,"column":6},"end":{"line":98,"column":7}},"54":{"start":{"line":95,"column":8},"end":{"line":95,"column":26}},"55":{"start":{"line":97,"column":8},"end":{"line":97,"column":23}},"56":{"start":{"line":99,"column":6},"end":{"line":99,"column":20}},"57":{"start":{"line":104,"column":21},"end":{"line":104,"column":62}},"58":{"start":{"line":105,"column":4},"end":{"line":109,"column":5}},"59":{"start":{"line":106,"column":6},"end":{"line":106,"column":78}},"60":{"start":{"line":106,"column":70},"end":{"line":106,"column":74}},"61":{"start":{"line":108,"column":6},"end":{"line":108,"column":42}},"62":{"start":{"line":113,"column":4},"end":{"line":113,"column":42}},"63":{"start":{"line":117,"column":18},"end":{"line":117,"column":39}},"64":{"start":{"line":118,"column":4},"end":{"line":118,"column":71}},"65":{"start":{"line":118,"column":48},"end":{"line":118,"column":69}},"66":{"start":{"line":122,"column":4},"end":{"line":131,"column":5}},"67":{"start":{"line":124,"column":8},"end":{"line":124,"column":59}},"68":{"start":{"line":126,"column":8},"end":{"line":126,"column":57}},"69":{"start":{"line":128,"column":8},"end":{"line":128,"column":59}},"70":{"start":{"line":130,"column":8},"end":{"line":130,"column":43}},"71":{"start":{"line":135,"column":4},"end":{"line":140,"column":22}},"72":{"start":{"line":12,"column":13},"end":{"line":12,"column":30}},"73":{"start":{"line":12,"column":13},"end":{"line":142,"column":null}}},"fnMap":{"0":{"name":"(anonymous_1)","decl":{"start":{"line":12,"column":7},"end":{"line":12,"column":13}},"loc":{"start":{"line":12,"column":7},"end":{"line":142,"column":1}}},"1":{"name":"(anonymous_2)","decl":{"start":{"line":21,"column":27},"end":{"line":21,"column":30}},"loc":{"start":{"line":21,"column":32},"end":{"line":28,"column":3}}},"2":{"name":"(anonymous_3)","decl":{"start":{"line":23,"column":34},"end":{"line":23,"column":38}},"loc":{"start":{"line":24,"column":6},"end":{"line":26,"column":48}}},"3":{"name":"(anonymous_4)","decl":{"start":{"line":30,"column":28},"end":{"line":30,"column":31}},"loc":{"start":{"line":30,"column":33},"end":{"line":34,"column":3}}},"4":{"name":"(anonymous_5)","decl":{"start":{"line":37,"column":42},"end":{"line":37,"column":45}},"loc":{"start":{"line":37,"column":47},"end":{"line":44,"column":3}}},"5":{"name":"(anonymous_6)","decl":{"start":{"line":46,"column":24},"end":{"line":46,"column":27}},"loc":{"start":{"line":46,"column":30},"end":{"line":46,"column":88}}},"6":{"name":"(anonymous_7)","decl":{"start":{"line":48,"column":19},"end":{"line":48,"column":22}},"loc":{"start":{"line":48,"column":24},"end":{"line":65,"column":3}}},"7":{"name":"(anonymous_8)","decl":{"start":{"line":54,"column":43},"end":{"line":54,"column":44}},"loc":{"start":{"line":54,"column":53},"end":{"line":54,"column":58}}},"8":{"name":"(anonymous_9)","decl":{"start":{"line":67,"column":2},"end":{"line":67,"column":10}},"loc":{"start":{"line":67,"column":32},"end":{"line":71,"column":3}}},"9":{"name":"(anonymous_10)","decl":{"start":{"line":73,"column":2},"end":{"line":73,"column":10}},"loc":{"start":{"line":73,"column":10},"end":{"line":77,"column":3}}},"10":{"name":"(anonymous_11)","decl":{"start":{"line":75,"column":30},"end":{"line":75,"column":31}},"loc":{"start":{"line":75,"column":35},"end":{"line":75,"column":40}}},"11":{"name":"(anonymous_12)","decl":{"start":{"line":79,"column":2},"end":{"line":79,"column":10}},"loc":{"start":{"line":79,"column":10},"end":{"line":83,"column":3}}},"12":{"name":"(anonymous_13)","decl":{"start":{"line":81,"column":30},"end":{"line":81,"column":31}},"loc":{"start":{"line":81,"column":35},"end":{"line":81,"column":40}}},"13":{"name":"(anonymous_14)","decl":{"start":{"line":85,"column":2},"end":{"line":85,"column":10}},"loc":{"start":{"line":85,"column":23},"end":{"line":89,"column":3}}},"14":{"name":"(anonymous_15)","decl":{"start":{"line":91,"column":2},"end":{"line":91,"column":17}},"loc":{"start":{"line":91,"column":28},"end":{"line":101,"column":3}}},"15":{"name":"(anonymous_16)","decl":{"start":{"line":92,"column":32},"end":{"line":92,"column":35}},"loc":{"start":{"line":92,"column":38},"end":{"line":100,"column":5}}},"16":{"name":"(anonymous_17)","decl":{"start":{"line":103,"column":2},"end":{"line":103,"column":20}},"loc":{"start":{"line":103,"column":33},"end":{"line":110,"column":3}}},"17":{"name":"(anonymous_18)","decl":{"start":{"line":106,"column":65},"end":{"line":106,"column":66}},"loc":{"start":{"line":106,"column":70},"end":{"line":106,"column":74}}},"18":{"name":"(anonymous_19)","decl":{"start":{"line":112,"column":2},"end":{"line":112,"column":12}},"loc":{"start":{"line":112,"column":23},"end":{"line":114,"column":3}}},"19":{"name":"(anonymous_20)","decl":{"start":{"line":116,"column":2},"end":{"line":116,"column":15}},"loc":{"start":{"line":116,"column":15},"end":{"line":119,"column":3}}},"20":{"name":"(anonymous_21)","decl":{"start":{"line":118,"column":43},"end":{"line":118,"column":44}},"loc":{"start":{"line":118,"column":48},"end":{"line":118,"column":69}}},"21":{"name":"(anonymous_22)","decl":{"start":{"line":121,"column":2},"end":{"line":121,"column":15}},"loc":{"start":{"line":121,"column":36},"end":{"line":132,"column":3}}},"22":{"name":"(anonymous_23)","decl":{"start":{"line":134,"column":2},"end":{"line":134,"column":16}},"loc":{"start":{"line":134,"column":31},"end":{"line":141,"column":3}}}},"branchMap":{"0":{"loc":{"start":{"line":24,"column":6},"end":{"line":26,"column":48}},"type":"binary-expr","locations":[{"start":{"line":24,"column":6},"end":{"line":24,"column":45}},{"start":{"line":25,"column":6},"end":{"line":25,"column":46}},{"start":{"line":26,"column":6},"end":{"line":26,"column":48}}]},"1":{"loc":{"start":{"line":40,"column":4},"end":{"line":42,"column":5}},"type":"if","locations":[{"start":{"line":40,"column":4},"end":{"line":42,"column":5}},{"start":{},"end":{}}]},"2":{"loc":{"start":{"line":53,"column":4},"end":{"line":55,"column":5}},"type":"if","locations":[{"start":{"line":53,"column":4},"end":{"line":55,"column":5}},{"start":{},"end":{}}]},"3":{"loc":{"start":{"line":57,"column":4},"end":{"line":63,"column":5}},"type":"if","locations":[{"start":{"line":57,"column":4},"end":{"line":63,"column":5}},{"start":{"line":59,"column":11},"end":{"line":63,"column":5}}]},"4":{"loc":{"start":{"line":59,"column":11},"end":{"line":63,"column":5}},"type":"if","locations":[{"start":{"line":59,"column":11},"end":{"line":63,"column":5}},{"start":{"line":61,"column":11},"end":{"line":63,"column":5}}]},"5":{"loc":{"start":{"line":68,"column":4},"end":{"line":70,"column":5}},"type":"if","locations":[{"start":{"line":68,"column":4},"end":{"line":70,"column":5}},{"start":{},"end":{}}]},"6":{"loc":{"start":{"line":68,"column":8},"end":{"line":68,"column":74}},"type":"binary-expr","locations":[{"start":{"line":68,"column":8},"end":{"line":68,"column":32}},{"start":{"line":68,"column":36},"end":{"line":68,"column":45}},{"start":{"line":68,"column":49},"end":{"line":68,"column":74}}]},"7":{"loc":{"start":{"line":74,"column":4},"end":{"line":76,"column":5}},"type":"if","locations":[{"start":{"line":74,"column":4},"end":{"line":76,"column":5}},{"start":{},"end":{}}]},"8":{"loc":{"start":{"line":80,"column":4},"end":{"line":82,"column":5}},"type":"if","locations":[{"start":{"line":80,"column":4},"end":{"line":82,"column":5}},{"start":{},"end":{}}]},"9":{"loc":{"start":{"line":94,"column":6},"end":{"line":98,"column":7}},"type":"if","locations":[{"start":{"line":94,"column":6},"end":{"line":98,"column":7}},{"start":{"line":96,"column":13},"end":{"line":98,"column":7}}]},"10":{"loc":{"start":{"line":105,"column":4},"end":{"line":109,"column":5}},"type":"if","locations":[{"start":{"line":105,"column":4},"end":{"line":109,"column":5}},{"start":{"line":107,"column":11},"end":{"line":109,"column":5}}]},"11":{"loc":{"start":{"line":118,"column":11},"end":{"line":118,"column":70}},"type":"binary-expr","locations":[{"start":{"line":118,"column":11},"end":{"line":118,"column":27}},{"start":{"line":118,"column":31},"end":{"line":118,"column":70}}]},"12":{"loc":{"start":{"line":122,"column":4},"end":{"line":131,"column":5}},"type":"switch","locations":[{"start":{"line":123,"column":6},"end":{"line":124,"column":59}},{"start":{"line":125,"column":6},"end":{"line":126,"column":57}},{"start":{"line":127,"column":6},"end":{"line":128,"column":59}},{"start":{"line":129,"column":6},"end":{"line":130,"column":43}}]}},"s":{"0":0,"1":0,"2":0,"3":0,"4":0,"5":0,"6":0,"7":0,"8":0,"9":0,"10":0,"11":0,"12":0,"13":0,"14":0,"15":0,"16":0,"17":0,"18":0,"19":0,"20":0,"21":0,"22":0,"23":0,"24":0,"25":0,"26":0,"27":0,"28":0,"29":0,"30":0,"31":0,"32":0,"33":0,"34":0,"35":0,"36":0,"37":0,"38":0,"39":0,"40":0,"41":0,"42":0,"43":0,"44":0,"45":0,"46":0,"47":0,"48":0,"49":0,"50":0,"51":0,"52":0,"53":0,"54":0,"55":0,"56":0,"57":0,"58":0,"59":0,"60":0,"61":0,"62":0,"63":0,"64":0,"65":0,"66":0,"67":0,"68":0,"69":0,"70":0,"71":0,"72":0,"73":0},"f":{"0":0,"1":0,"2":0,"3":0,"4":0,"5":0,"6":0,"7":0,"8":0,"9":0,"10":0,"11":0,"12":0,"13":0,"14":0,"15":0,"16":0,"17":0,"18":0,"19":0,"20":0,"21":0,"22":0},"b":{"0":[0,0,0],"1":[0,0],"2":[0,0],"3":[0,0],"4":[0,0],"5":[0,0],"6":[0,0,0],"7":[0,0],"8":[0,0],"9":[0,0],"10":[0,0],"11":[0,0],"12":[0,0,0,0]}}
,"C:\\Users\\prath\\crm\\src\\dashboard.component.ts": {"path":"C:\\Users\\prath\\crm\\src\\dashboard.component.ts","statementMap":{"0":{"start":{"line":1,"column":0},"end":{"line":1,"column":80}},"1":{"start":{"line":2,"column":0},"end":{"line":2,"column":85}},"2":{"start":{"line":3,"column":0},"end":{"line":3,"column":47}},"3":{"start":{"line":4,"column":0},"end":{"line":4,"column":118}},"4":{"start":{"line":5,"column":0},"end":{"line":5,"column":57}},"5":{"start":{"line":13,"column":7},"end":{"line":55,"column":null}},"6":{"start":{"line":14,"column":10},"end":{"line":14,"column":34}},"7":{"start":{"line":15,"column":10},"end":{"line":15,"column":42}},"8":{"start":{"line":16,"column":10},"end":{"line":16,"column":56}},"9":{"start":{"line":18,"column":2},"end":{"line":18,"column":37}},"10":{"start":{"line":19,"column":2},"end":{"line":19,"column":40}},"11":{"start":{"line":20,"column":2},"end":{"line":20,"column":38}},"12":{"start":{"line":23,"column":2},"end":{"line":23,"column":51}},"13":{"start":{"line":24,"column":2},"end":{"line":27,"column":5}},"14":{"start":{"line":25,"column":17},"end":{"line":25,"column":35}},"15":{"start":{"line":26,"column":4},"end":{"line":26,"column":69}},"16":{"start":{"line":30,"column":4},"end":{"line":30,"column":28}},"17":{"start":{"line":31,"column":4},"end":{"line":31,"column":57}},"18":{"start":{"line":31,"column":48},"end":{"line":31,"column":55}},"19":{"start":{"line":35,"column":4},"end":{"line":35,"column":28}},"20":{"start":{"line":36,"column":4},"end":{"line":36,"column":55}},"21":{"start":{"line":36,"column":46},"end":{"line":36,"column":53}},"22":{"start":{"line":41,"column":4},"end":{"line":43,"column":5}},"23":{"start":{"line":42,"column":6},"end":{"line":42,"column":44}},"24":{"start":{"line":45,"column":4},"end":{"line":47,"column":5}},"25":{"start":{"line":46,"column":6},"end":{"line":46,"column":42}},"26":{"start":{"line":51,"column":4},"end":{"line":51,"column":42}},"27":{"start":{"line":52,"column":4},"end":{"line":52,"column":40}},"28":{"start":{"line":53,"column":4},"end":{"line":53,"column":37}},"29":{"start":{"line":13,"column":13},"end":{"line":13,"column":31}},"30":{"start":{"line":13,"column":13},"end":{"line":55,"column":null}}},"fnMap":{"0":{"name":"(anonymous_1)","decl":{"start":{"line":13,"column":7},"end":{"line":13,"column":13}},"loc":{"start":{"line":13,"column":7},"end":{"line":55,"column":1}}},"1":{"name":"(anonymous_2)","decl":{"start":{"line":24,"column":23},"end":{"line":24,"column":26}},"loc":{"start":{"line":24,"column":28},"end":{"line":27,"column":3}}},"2":{"name":"(anonymous_3)","decl":{"start":{"line":29,"column":2},"end":{"line":29,"column":23}},"loc":{"start":{"line":29,"column":41},"end":{"line":32,"column":3}}},"3":{"name":"(anonymous_4)","decl":{"start":{"line":31,"column":38},"end":{"line":31,"column":44}},"loc":{"start":{"line":31,"column":48},"end":{"line":31,"column":55}}},"4":{"name":"(anonymous_5)","decl":{"start":{"line":34,"column":2},"end":{"line":34,"column":21}},"loc":{"start":{"line":34,"column":39},"end":{"line":37,"column":3}}},"5":{"name":"(anonymous_6)","decl":{"start":{"line":36,"column":36},"end":{"line":36,"column":42}},"loc":{"start":{"line":36,"column":46},"end":{"line":36,"column":53}}},"6":{"name":"(anonymous_7)","decl":{"start":{"line":39,"column":2},"end":{"line":39,"column":17}},"loc":{"start":{"line":39,"column":35},"end":{"line":48,"column":3}}},"7":{"name":"(anonymous_8)","decl":{"start":{"line":50,"column":2},"end":{"line":50,"column":8}},"loc":{"start":{"line":50,"column":8},"end":{"line":54,"column":3}}}},"branchMap":{"0":{"loc":{"start":{"line":26,"column":11},"end":{"line":26,"column":68}},"type":"cond-expr","locations":[{"start":{"line":26,"column":30},"end":{"line":26,"column":48}},{"start":{"line":26,"column":51},"end":{"line":26,"column":68}}]},"1":{"loc":{"start":{"line":41,"column":4},"end":{"line":43,"column":5}},"type":"if","locations":[{"start":{"line":41,"column":4},"end":{"line":43,"column":5}},{"start":{},"end":{}}]},"2":{"loc":{"start":{"line":41,"column":8},"end":{"line":41,"column":135}},"type":"binary-expr","locations":[{"start":{"line":41,"column":8},"end":{"line":41,"column":36}},{"start":{"line":41,"column":40},"end":{"line":41,"column":135}}]},"3":{"loc":{"start":{"line":45,"column":4},"end":{"line":47,"column":5}},"type":"if","locations":[{"start":{"line":45,"column":4},"end":{"line":47,"column":5}},{"start":{},"end":{}}]},"4":{"loc":{"start":{"line":45,"column":8},"end":{"line":45,"column":124}},"type":"binary-expr","locations":[{"start":{"line":45,"column":8},"end":{"line":45,"column":34}},{"start":{"line":45,"column":38},"end":{"line":45,"column":124}}]}},"s":{"0":0,"1":0,"2":0,"3":0,"4":0,"5":0,"6":0,"7":0,"8":0,"9":0,"10":0,"11":0,"12":0,"13":0,"14":0,"15":0,"16":0,"17":0,"18":0,"19":0,"20":0,"21":0,"22":0,"23":0,"24":0,"25":0,"26":0,"27":0,"28":0,"29":0,"30":0},"f":{"0":0,"1":0,"2":0,"3":0,"4":0,"5":0,"6":0,"7":0},"b":{"0":[0,0],"1":[0,0],"2":[0,0],"3":[0,0],"4":[0,0]}}
,"C:\\Users\\prath\\crm\\src\\data-access.service.ts": {"path":"C:\\Users\\prath\\crm\\src\\data-access.service.ts","statementMap":{"0":{"start":{"line":1,"column":0},"end":{"line":1,"column":51}},"1":{"start":{"line":2,"column":0},"end":{"line":2,"column":45}},"2":{"start":{"line":3,"column":0},"end":{"line":3,"column":47}},"3":{"start":{"line":15,"column":7},"end":{"line":266,"column":null}},"4":{"start":{"line":16,"column":10},"end":{"line":16,"column":44}},"5":{"start":{"line":17,"column":10},"end":{"line":17,"column":46}},"6":{"start":{"line":24,"column":4},"end":{"line":52,"column":5}},"7":{"start":{"line":25,"column":6},"end":{"line":29,"column":7}},"8":{"start":{"line":26,"column":8},"end":{"line":26,"column":75}},"9":{"start":{"line":27,"column":8},"end":{"line":27,"column":88}},"10":{"start":{"line":28,"column":8},"end":{"line":28,"column":18}},"11":{"start":{"line":31,"column":6},"end":{"line":47,"column":7}},"12":{"start":{"line":33,"column":8},"end":{"line":33,"column":20}},"13":{"start":{"line":36,"column":8},"end":{"line":46,"column":11}},"14":{"start":{"line":37,"column":10},"end":{"line":45,"column":11}},"15":{"start":{"line":38,"column":12},"end":{"line":41,"column":48}},"16":{"start":{"line":43,"column":12},"end":{"line":43,"column":81}},"17":{"start":{"line":44,"column":12},"end":{"line":44,"column":25}},"18":{"start":{"line":49,"column":6},"end":{"line":49,"column":58}},"19":{"start":{"line":50,"column":6},"end":{"line":50,"column":105}},"20":{"start":{"line":51,"column":6},"end":{"line":51,"column":16}},"21":{"start":{"line":59,"column":4},"end":{"line":77,"column":5}},"22":{"start":{"line":60,"column":6},"end":{"line":63,"column":7}},"23":{"start":{"line":61,"column":8},"end":{"line":61,"column":80}},"24":{"start":{"line":62,"column":8},"end":{"line":62,"column":21}},"25":{"start":{"line":65,"column":6},"end":{"line":72,"column":7}},"26":{"start":{"line":67,"column":8},"end":{"line":67,"column":20}},"27":{"start":{"line":70,"column":29},"end":{"line":70,"column":91}},"28":{"start":{"line":71,"column":8},"end":{"line":71,"column":60}},"29":{"start":{"line":74,"column":6},"end":{"line":74,"column":61}},"30":{"start":{"line":75,"column":6},"end":{"line":75,"column":92}},"31":{"start":{"line":76,"column":6},"end":{"line":76,"column":19}},"32":{"start":{"line":84,"column":4},"end":{"line":100,"column":5}},"33":{"start":{"line":85,"column":6},"end":{"line":94,"column":7}},"34":{"start":{"line":87,"column":8},"end":{"line":90,"column":10}},"35":{"start":{"line":93,"column":8},"end":{"line":93,"column":78}},"36":{"start":{"line":96,"column":6},"end":{"line":96,"column":64}},"37":{"start":{"line":97,"column":6},"end":{"line":97,"column":105}},"38":{"start":{"line":99,"column":6},"end":{"line":99,"column":26}},"39":{"start":{"line":107,"column":4},"end":{"line":113,"column":5}},"40":{"start":{"line":108,"column":6},"end":{"line":108,"column":49}},"41":{"start":{"line":110,"column":6},"end":{"line":110,"column":74}},"42":{"start":{"line":112,"column":6},"end":{"line":112,"column":19}},"43":{"start":{"line":120,"column":4},"end":{"line":126,"column":5}},"44":{"start":{"line":121,"column":6},"end":{"line":121,"column":49}},"45":{"start":{"line":123,"column":6},"end":{"line":123,"column":65}},"46":{"start":{"line":125,"column":6},"end":{"line":125,"column":19}},"47":{"start":{"line":133,"column":4},"end":{"line":139,"column":5}},"48":{"start":{"line":134,"column":26},"end":{"line":134,"column":56}},"49":{"start":{"line":135,"column":6},"end":{"line":135,"column":40}},"50":{"start":{"line":137,"column":6},"end":{"line":137,"column":64}},"51":{"start":{"line":138,"column":6},"end":{"line":138,"column":18}},"52":{"start":{"line":146,"column":4},"end":{"line":175,"column":5}},"53":{"start":{"line":147,"column":6},"end":{"line":150,"column":7}},"54":{"start":{"line":148,"column":8},"end":{"line":148,"column":70}},"55":{"start":{"line":149,"column":8},"end":{"line":149,"column":18}},"56":{"start":{"line":152,"column":6},"end":{"line":170,"column":9}},"57":{"start":{"line":153,"column":8},"end":{"line":169,"column":9}},"58":{"start":{"line":154,"column":10},"end":{"line":157,"column":11}},"59":{"start":{"line":156,"column":12},"end":{"line":156,"column":24}},"60":{"start":{"line":159,"column":10},"end":{"line":165,"column":11}},"61":{"start":{"line":161,"column":12},"end":{"line":161,"column":24}},"62":{"start":{"line":164,"column":12},"end":{"line":164,"column":47}},"63":{"start":{"line":167,"column":10},"end":{"line":167,"column":77}},"64":{"start":{"line":168,"column":10},"end":{"line":168,"column":23}},"65":{"start":{"line":172,"column":6},"end":{"line":172,"column":64}},"66":{"start":{"line":173,"column":6},"end":{"line":173,"column":105}},"67":{"start":{"line":174,"column":6},"end":{"line":174,"column":16}},"68":{"start":{"line":188,"column":4},"end":{"line":206,"column":5}},"69":{"start":{"line":188,"column":23},"end":{"line":188,"column":24}},"70":{"start":{"line":189,"column":6},"end":{"line":205,"column":7}},"71":{"start":{"line":190,"column":8},"end":{"line":190,"column":36}},"72":{"start":{"line":192,"column":8},"end":{"line":192,"column":26}},"73":{"start":{"line":193,"column":8},"end":{"line":193,"column":72}},"74":{"start":{"line":196,"column":8},"end":{"line":199,"column":9}},"75":{"start":{"line":197,"column":10},"end":{"line":197,"column":91}},"76":{"start":{"line":198,"column":10},"end":{"line":198,"column":22}},"77":{"start":{"line":201,"column":8},"end":{"line":204,"column":9}},"78":{"start":{"line":203,"column":10},"end":{"line":203,"column":89}},"79":{"start":{"line":203,"column":39},"end":{"line":203,"column":87}},"80":{"start":{"line":208,"column":4},"end":{"line":208,"column":66}},"81":{"start":{"line":209,"column":4},"end":{"line":209,"column":80}},"82":{"start":{"line":210,"column":4},"end":{"line":210,"column":16}},"83":{"start":{"line":217,"column":4},"end":{"line":241,"column":5}},"84":{"start":{"line":218,"column":6},"end":{"line":221,"column":7}},"85":{"start":{"line":219,"column":8},"end":{"line":219,"column":53}},"86":{"start":{"line":220,"column":8},"end":{"line":220,"column":21}},"87":{"start":{"line":223,"column":6},"end":{"line":235,"column":7}},"88":{"start":{"line":224,"column":29},"end":{"line":228,"column":10}},"89":{"start":{"line":225,"column":10},"end":{"line":227,"column":12}},"90":{"start":{"line":226,"column":12},"end":{"line":226,"column":65}},"91":{"start":{"line":230,"column":8},"end":{"line":234,"column":9}},"92":{"start":{"line":231,"column":10},"end":{"line":231,"column":91}},"93":{"start":{"line":232,"column":10},"end":{"line":232,"column":105}},"94":{"start":{"line":233,"column":10},"end":{"line":233,"column":23}},"95":{"start":{"line":237,"column":6},"end":{"line":237,"column":18}},"96":{"start":{"line":239,"column":6},"end":{"line":239,"column":63}},"97":{"start":{"line":240,"column":6},"end":{"line":240,"column":19}},"98":{"start":{"line":248,"column":4},"end":{"line":248,"column":57}},"99":{"start":{"line":250,"column":22},"end":{"line":250,"column":57}},"100":{"start":{"line":252,"column":4},"end":{"line":262,"column":5}},"101":{"start":{"line":253,"column":6},"end":{"line":253,"column":62}},"102":{"start":{"line":254,"column":11},"end":{"line":262,"column":5}},"103":{"start":{"line":255,"column":6},"end":{"line":255,"column":70}},"104":{"start":{"line":256,"column":11},"end":{"line":262,"column":5}},"105":{"start":{"line":257,"column":6},"end":{"line":257,"column":61}},"106":{"start":{"line":258,"column":11},"end":{"line":262,"column":5}},"107":{"start":{"line":259,"column":6},"end":{"line":259,"column":53}},"108":{"start":{"line":261,"column":6},"end":{"line":261,"column":41}},"109":{"start":{"line":264,"column":4},"end":{"line":264,"column":49}},"110":{"start":{"line":15,"column":13},"end":{"line":15,"column":30}},"111":{"start":{"line":15,"column":13},"end":{"line":266,"column":null}}},"fnMap":{"0":{"name":"(anonymous_1)","decl":{"start":{"line":15,"column":7},"end":{"line":15,"column":13}},"loc":{"start":{"line":15,"column":7},"end":{"line":266,"column":1}}},"1":{"name":"(anonymous_2)","decl":{"start":{"line":23,"column":2},"end":{"line":23,"column":19}},"loc":{"start":{"line":23,"column":77},"end":{"line":53,"column":3}}},"2":{"name":"(anonymous_3)","decl":{"start":{"line":36,"column":27},"end":{"line":36,"column":31}},"loc":{"start":{"line":36,"column":34},"end":{"line":46,"column":9}}},"3":{"name":"(anonymous_4)","decl":{"start":{"line":58,"column":2},"end":{"line":58,"column":18}},"loc":{"start":{"line":58,"column":60},"end":{"line":78,"column":3}}},"4":{"name":"(anonymous_5)","decl":{"start":{"line":83,"column":2},"end":{"line":83,"column":22}},"loc":{"start":{"line":83,"column":47},"end":{"line":101,"column":3}}},"5":{"name":"(anonymous_6)","decl":{"start":{"line":106,"column":2},"end":{"line":106,"column":18}},"loc":{"start":{"line":106,"column":43},"end":{"line":114,"column":3}}},"6":{"name":"(anonymous_7)","decl":{"start":{"line":119,"column":2},"end":{"line":119,"column":22}},"loc":{"start":{"line":119,"column":47},"end":{"line":127,"column":3}}},"7":{"name":"(anonymous_8)","decl":{"start":{"line":132,"column":2},"end":{"line":132,"column":21}},"loc":{"start":{"line":132,"column":21},"end":{"line":140,"column":3}}},"8":{"name":"(anonymous_9)","decl":{"start":{"line":145,"column":2},"end":{"line":145,"column":23}},"loc":{"start":{"line":145,"column":65},"end":{"line":176,"column":3}}},"9":{"name":"(anonymous_10)","decl":{"start":{"line":152,"column":29},"end":{"line":152,"column":33}},"loc":{"start":{"line":152,"column":36},"end":{"line":170,"column":7}}},"10":{"name":"(anonymous_11)","decl":{"start":{"line":181,"column":2},"end":{"line":181,"column":7}},"loc":{"start":{"line":184,"column":48},"end":{"line":211,"column":3}}},"11":{"name":"(anonymous_12)","decl":{"start":{"line":203,"column":28},"end":{"line":203,"column":35}},"loc":{"start":{"line":203,"column":39},"end":{"line":203,"column":87}}},"12":{"name":"(anonymous_13)","decl":{"start":{"line":216,"column":2},"end":{"line":216,"column":23}},"loc":{"start":{"line":216,"column":67},"end":{"line":242,"column":3}}},"13":{"name":"(anonymous_14)","decl":{"start":{"line":224,"column":41},"end":{"line":224,"column":45}},"loc":{"start":{"line":224,"column":48},"end":{"line":228,"column":9}}},"14":{"name":"(anonymous_15)","decl":{"start":{"line":225,"column":37},"end":{"line":225,"column":42}},"loc":{"start":{"line":226,"column":12},"end":{"line":226,"column":65}}},"15":{"name":"(anonymous_16)","decl":{"start":{"line":247,"column":2},"end":{"line":247,"column":20}},"loc":{"start":{"line":247,"column":62},"end":{"line":265,"column":3}}}},"branchMap":{"0":{"loc":{"start":{"line":25,"column":6},"end":{"line":29,"column":7}},"type":"if","locations":[{"start":{"line":25,"column":6},"end":{"line":29,"column":7}},{"start":{},"end":{}}]},"1":{"loc":{"start":{"line":31,"column":6},"end":{"line":47,"column":7}},"type":"if","locations":[{"start":{"line":31,"column":6},"end":{"line":47,"column":7}},{"start":{"line":34,"column":13},"end":{"line":47,"column":7}}]},"2":{"loc":{"start":{"line":38,"column":19},"end":{"line":41,"column":47}},"type":"binary-expr","locations":[{"start":{"line":38,"column":19},"end":{"line":38,"column":48}},{"start":{"line":39,"column":19},"end":{"line":39,"column":46}},{"start":{"line":40,"column":19},"end":{"line":40,"column":43}},{"start":{"line":41,"column":19},"end":{"line":41,"column":47}}]},"3":{"loc":{"start":{"line":60,"column":6},"end":{"line":63,"column":7}},"type":"if","locations":[{"start":{"line":60,"column":6},"end":{"line":63,"column":7}},{"start":{},"end":{}}]},"4":{"loc":{"start":{"line":60,"column":10},"end":{"line":60,"column":49}},"type":"binary-expr","locations":[{"start":{"line":60,"column":10},"end":{"line":60,"column":18}},{"start":{"line":60,"column":22},"end":{"line":60,"column":49}}]},"5":{"loc":{"start":{"line":65,"column":6},"end":{"line":72,"column":7}},"type":"if","locations":[{"start":{"line":65,"column":6},"end":{"line":72,"column":7}},{"start":{"line":68,"column":13},"end":{"line":72,"column":7}}]},"6":{"loc":{"start":{"line":85,"column":6},"end":{"line":94,"column":7}},"type":"if","locations":[{"start":{"line":85,"column":6},"end":{"line":94,"column":7}},{"start":{"line":91,"column":13},"end":{"line":94,"column":7}}]},"7":{"loc":{"start":{"line":135,"column":13},"end":{"line":135,"column":39}},"type":"binary-expr","locations":[{"start":{"line":135,"column":13},"end":{"line":135,"column":31}},{"start":{"line":135,"column":35},"end":{"line":135,"column":39}}]},"8":{"loc":{"start":{"line":147,"column":6},"end":{"line":150,"column":7}},"type":"if","locations":[{"start":{"line":147,"column":6},"end":{"line":150,"column":7}},{"start":{},"end":{}}]},"9":{"loc":{"start":{"line":154,"column":10},"end":{"line":157,"column":11}},"type":"if","locations":[{"start":{"line":154,"column":10},"end":{"line":157,"column":11}},{"start":{},"end":{}}]},"10":{"loc":{"start":{"line":154,"column":14},"end":{"line":154,"column":52}},"type":"binary-expr","locations":[{"start":{"line":154,"column":14},"end":{"line":154,"column":25}},{"start":{"line":154,"column":29},"end":{"line":154,"column":52}}]},"11":{"loc":{"start":{"line":159,"column":10},"end":{"line":165,"column":11}},"type":"if","locations":[{"start":{"line":159,"column":10},"end":{"line":165,"column":11}},{"start":{"line":162,"column":17},"end":{"line":165,"column":11}}]},"12":{"loc":{"start":{"line":183,"column":4},"end":{"line":183,"column":26}},"type":"default-arg","locations":[{"start":{"line":183,"column":25},"end":{"line":183,"column":26}}]},"13":{"loc":{"start":{"line":184,"column":4},"end":{"line":184,"column":48}},"type":"default-arg","locations":[{"start":{"line":184,"column":27},"end":{"line":184,"column":48}}]},"14":{"loc":{"start":{"line":196,"column":8},"end":{"line":199,"column":9}},"type":"if","locations":[{"start":{"line":196,"column":8},"end":{"line":199,"column":9}},{"start":{},"end":{}}]},"15":{"loc":{"start":{"line":196,"column":12},"end":{"line":196,"column":58}},"type":"binary-expr","locations":[{"start":{"line":196,"column":12},"end":{"line":196,"column":33}},{"start":{"line":196,"column":37},"end":{"line":196,"column":58}}]},"16":{"loc":{"start":{"line":201,"column":8},"end":{"line":204,"column":9}},"type":"if","locations":[{"start":{"line":201,"column":8},"end":{"line":204,"column":9}},{"start":{},"end":{}}]},"17":{"loc":{"start":{"line":216,"column":38},"end":{"line":216,"column":67}},"type":"default-arg","locations":[{"start":{"line":216,"column":65},"end":{"line":216,"column":67}}]},"18":{"loc":{"start":{"line":218,"column":6},"end":{"line":221,"column":7}},"type":"if","locations":[{"start":{"line":218,"column":6},"end":{"line":221,"column":7}},{"start":{},"end":{}}]},"19":{"loc":{"start":{"line":223,"column":6},"end":{"line":235,"column":7}},"type":"if","locations":[{"start":{"line":223,"column":6},"end":{"line":235,"column":7}},{"start":{},"end":{}}]},"20":{"loc":{"start":{"line":226,"column":12},"end":{"line":226,"column":65}},"type":"binary-expr","locations":[{"start":{"line":226,"column":12},"end":{"line":226,"column":17}},{"start":{"line":226,"column":21},"end":{"line":226,"column":45}},{"start":{"line":226,"column":49},"end":{"line":226,"column":65}}]},"21":{"loc":{"start":{"line":230,"column":8},"end":{"line":234,"column":9}},"type":"if","locations":[{"start":{"line":230,"column":8},"end":{"line":234,"column":9}},{"start":{},"end":{}}]},"22":{"loc":{"start":{"line":247,"column":33},"end":{"line":247,"column":62}},"type":"default-arg","locations":[{"start":{"line":247,"column":51},"end":{"line":247,"column":62}}]},"23":{"loc":{"start":{"line":252,"column":4},"end":{"line":262,"column":5}},"type":"if","locations":[{"start":{"line":252,"column":4},"end":{"line":262,"column":5}},{"start":{"line":254,"column":11},"end":{"line":262,"column":5}}]},"24":{"loc":{"start":{"line":254,"column":11},"end":{"line":262,"column":5}},"type":"if","locations":[{"start":{"line":254,"column":11},"end":{"line":262,"column":5}},{"start":{"line":256,"column":11},"end":{"line":262,"column":5}}]},"25":{"loc":{"start":{"line":256,"column":11},"end":{"line":262,"column":5}},"type":"if","locations":[{"start":{"line":256,"column":11},"end":{"line":262,"column":5}},{"start":{"line":258,"column":11},"end":{"line":262,"column":5}}]},"26":{"loc":{"start":{"line":258,"column":11},"end":{"line":262,"column":5}},"type":"if","locations":[{"start":{"line":258,"column":11},"end":{"line":262,"column":5}},{"start":{"line":260,"column":11},"end":{"line":262,"column":5}}]}},"s":{"0":0,"1":0,"2":0,"3":0,"4":0,"5":0,"6":0,"7":0,"8":0,"9":0,"10":0,"11":0,"12":0,"13":0,"14":0,"15":0,"16":0,"17":0,"18":0,"19":0,"20":0,"21":0,"22":0,"23":0,"24":0,"25":0,"26":0,"27":0,"28":0,"29":0,"30":0,"31":0,"32":0,"33":0,"34":0,"35":0,"36":0,"37":0,"38":0,"39":0,"40":0,"41":0,"42":0,"43":0,"44":0,"45":0,"46":0,"47":0,"48":0,"49":0,"50":0,"51":0,"52":0,"53":0,"54":0,"55":0,"56":0,"57":0,"58":0,"59":0,"60":0,"61":0,"62":0,"63":0,"64":0,"65":0,"66":0,"67":0,"68":0,"69":0,"70":0,"71":0,"72":0,"73":0,"74":0,"75":0,"76":0,"77":0,"78":0,"79":0,"80":0,"81":0,"82":0,"83":0,"84":0,"85":0,"86":0,"87":0,"88":0,"89":0,"90":0,"91":0,"92":0,"93":0,"94":0,"95":0,"96":0,"97":0,"98":0,"99":0,"100":0,"101":0,"102":0,"103":0,"104":0,"105":0,"106":0,"107":0,"108":0,"109":0,"110":0,"111":0},"f":{"0":0,"1":0,"2":0,"3":0,"4":0,"5":0,"6":0,"7":0,"8":0,"9":0,"10":0,"11":0,"12":0,"13":0,"14":0,"15":0},"b":{"0":[0,0],"1":[0,0],"2":[0,0,0,0],"3":[0,0],"4":[0,0],"5":[0,0],"6":[0,0],"7":[0,0],"8":[0,0],"9":[0,0],"10":[0,0],"11":[0,0],"12":[0],"13":[0],"14":[0,0],"15":[0,0],"16":[0,0],"17":[0],"18":[0,0],"19":[0,0],"20":[0,0,0],"21":[0,0],"22":[0],"23":[0,0],"24":[0,0],"25":[0,0],"26":[0,0]}}
,"C:\\Users\\prath\\crm\\src\\deal.service.ts": {"path":"C:\\Users\\prath\\crm\\src\\deal.service.ts","statementMap":{"0":{"start":{"line":1,"column":0},"end":{"line":1,"column":59}},"1":{"start":{"line":2,"column":0},"end":{"line":2,"column":50}},"2":{"start":{"line":3,"column":0},"end":{"line":3,"column":38}},"3":{"start":{"line":4,"column":0},"end":{"line":4,"column":58}},"4":{"start":{"line":22,"column":7},"end":{"line":82,"column":null}},"5":{"start":{"line":23,"column":12},"end":{"line":23,"column":38}},"6":{"start":{"line":24,"column":12},"end":{"line":24,"column":58}},"7":{"start":{"line":25,"column":12},"end":{"line":25,"column":42}},"8":{"start":{"line":26,"column":12},"end":{"line":26,"column":47}},"9":{"start":{"line":27,"column":4},"end":{"line":27,"column":29}},"10":{"start":{"line":30,"column":8},"end":{"line":30,"column":26}},"11":{"start":{"line":34,"column":8},"end":{"line":34,"column":33}},"12":{"start":{"line":35,"column":8},"end":{"line":43,"column":9}},"13":{"start":{"line":36,"column":26},"end":{"line":36,"column":83}},"14":{"start":{"line":37,"column":12},"end":{"line":37,"column":37}},"15":{"start":{"line":38,"column":12},"end":{"line":38,"column":38}},"16":{"start":{"line":40,"column":12},"end":{"line":40,"column":59}},"17":{"start":{"line":42,"column":12},"end":{"line":42,"column":38}},"18":{"start":{"line":47,"column":33},"end":{"line":47,"column":77}},"19":{"start":{"line":48,"column":25},"end":{"line":48,"column":100}},"20":{"start":{"line":49,"column":8},"end":{"line":49,"column":41}},"21":{"start":{"line":53,"column":8},"end":{"line":53,"column":47}},"22":{"start":{"line":58,"column":33},"end":{"line":58,"column":77}},"23":{"start":{"line":59,"column":8},"end":{"line":61,"column":9}},"24":{"start":{"line":60,"column":12},"end":{"line":60,"column":46}},"25":{"start":{"line":62,"column":8},"end":{"line":62,"column":47}},"26":{"start":{"line":66,"column":8},"end":{"line":80,"column":9}},"27":{"start":{"line":67,"column":37},"end":{"line":67,"column":81}},"28":{"start":{"line":68,"column":34},"end":{"line":72,"column":14}},"29":{"start":{"line":74,"column":28},"end":{"line":74,"column":99}},"30":{"start":{"line":75,"column":12},"end":{"line":75,"column":63}},"31":{"start":{"line":75,"column":42},"end":{"line":75,"column":61}},"32":{"start":{"line":76,"column":12},"end":{"line":76,"column":38}},"33":{"start":{"line":78,"column":12},"end":{"line":78,"column":56}},"34":{"start":{"line":79,"column":12},"end":{"line":79,"column":24}},"35":{"start":{"line":22,"column":13},"end":{"line":22,"column":24}},"36":{"start":{"line":22,"column":13},"end":{"line":82,"column":null}}},"fnMap":{"0":{"name":"(anonymous_1)","decl":{"start":{"line":29,"column":4},"end":{"line":29,"column":null}},"loc":{"start":{"line":29,"column":4},"end":{"line":31,"column":5}}},"1":{"name":"(anonymous_2)","decl":{"start":{"line":33,"column":12},"end":{"line":33,"column":17}},"loc":{"start":{"line":33,"column":28},"end":{"line":44,"column":5}}},"2":{"name":"(anonymous_3)","decl":{"start":{"line":46,"column":12},"end":{"line":46,"column":30}},"loc":{"start":{"line":46,"column":30},"end":{"line":50,"column":5}}},"3":{"name":"(anonymous_4)","decl":{"start":{"line":52,"column":4},"end":{"line":52,"column":12}},"loc":{"start":{"line":52,"column":12},"end":{"line":54,"column":5}}},"4":{"name":"(anonymous_5)","decl":{"start":{"line":56,"column":4},"end":{"line":56,"column":15}},"loc":{"start":{"line":56,"column":15},"end":{"line":63,"column":5}}},"5":{"name":"(anonymous_6)","decl":{"start":{"line":65,"column":4},"end":{"line":65,"column":9}},"loc":{"start":{"line":65,"column":40},"end":{"line":81,"column":5}}},"6":{"name":"(anonymous_7)","decl":{"start":{"line":75,"column":33},"end":{"line":75,"column":38}},"loc":{"start":{"line":75,"column":42},"end":{"line":75,"column":61}}}},"branchMap":{"0":{"loc":{"start":{"line":59,"column":8},"end":{"line":61,"column":9}},"type":"if","locations":[{"start":{"line":59,"column":8},"end":{"line":61,"column":9}},{"start":{},"end":{}}]}},"s":{"0":0,"1":0,"2":0,"3":0,"4":0,"5":0,"6":0,"7":0,"8":0,"9":0,"10":0,"11":0,"12":0,"13":0,"14":0,"15":0,"16":0,"17":0,"18":0,"19":0,"20":0,"21":0,"22":0,"23":0,"24":0,"25":0,"26":0,"27":0,"28":0,"29":0,"30":0,"31":0,"32":0,"33":0,"34":0,"35":0,"36":0},"f":{"0":0,"1":0,"2":0,"3":0,"4":0,"5":0,"6":0},"b":{"0":[0,0]}}
[...]
:{"start":{"line":65,"column":35},"end":{"line":65,"column":39}},"loc":{"start":{"line":65,"column":43},"end":{"line":65,"column":70}}},"12":{"name":"(anonymous_13)","decl":{"start":{"line":70,"column":2},"end":{"line":70,"column":18}},"loc":{"start":{"line":70,"column":54},"end":{"line":77,"column":3}}},"13":{"name":"(anonymous_14)","decl":{"start":{"line":80,"column":2},"end":{"line":80,"column":16}},"loc":{"start":{"line":80,"column":64},"end":{"line":87,"column":3}}},"14":{"name":"(anonymous_15)","decl":{"start":{"line":90,"column":2},"end":{"line":90,"column":11}},"loc":{"start":{"line":90,"column":22},"end":{"line":94,"column":3}}}},"branchMap":{"0":{"loc":{"start":{"line":35,"column":11},"end":{"line":35,"column":54}},"type":"cond-expr","locations":[{"start":{"line":35,"column":30},"end":{"line":35,"column":41}},{"start":{"line":35,"column":44},"end":{"line":35,"column":54}}]},"1":{"loc":{"start":{"line":47,"column":13},"end":{"line":47,"column":59}},"type":"binary-expr","locations":[{"start":{"line":47,"column":13},"end":{"line":47,"column":40}},{"start":{"line":47,"column":44},"end":{"line":47,"column":59}}]},"2":{"loc":{"start":{"line":76,"column":11},"end":{"line":76,"column":58}},"type":"binary-expr","locations":[{"start":{"line":76,"column":11},"end":{"line":76,"column":27}},{"start":{"line":76,"column":31},"end":{"line":76,"column":58}}]},"3":{"loc":{"start":{"line":86,"column":11},"end":{"line":86,"column":56}},"type":"binary-expr","locations":[{"start":{"line":86,"column":11},"end":{"line":86,"column":25}},{"start":{"line":86,"column":29},"end":{"line":86,"column":56}}]},"4":{"loc":{"start":{"line":93,"column":11},"end":{"line":93,"column":57}},"type":"binary-expr","locations":[{"start":{"line":93,"column":11},"end":{"line":93,"column":38}},{"start":{"line":93,"column":42},"end":{"line":93,"column":57}}]}},"s":{"0":0,"1":0,"2":0,"3":0,"4":0,"5":0,"6":0,"7":0,"8":0,"9":0,"10":0,"11":0,"12":0,"13":0,"14":0,"15":0,"16":0,"17":0,"18":0,"19":0,"20":0,"21":0,"22":0,"23":0,"24":0,"25":0,"26":0,"27":0,"28":0,"29":0,"30":0,"31":0,"32":0,"33":0,"34":0,"35":0,"36":0,"37":0,"38":0,"39":0,"40":0,"41":0,"42":0,"43":0,"44":0,"45":0,"46":0},"f":{"0":0,"1":0,"2":0,"3":0,"4":0,"5":0,"6":0,"7":0,"8":0,"9":0,"10":0,"11":0,"12":0,"13":0,"14":0},"b":{"0":[0,0],"1":[0,0],"2":[0,0],"3":[0,0],"4":[0,0]}}
,"C:\\Users\\prath\\crm\\src\\dashboard-features\\user-sidebar\\user-sidebar.component.ts": {"path":"C:\\Users\\prath\\crm\\src\\dashboard-features\\user-sidebar\\user-sidebar.component.ts","statementMap":{"0":{"start":{"line":1,"column":0},"end":{"line":1,"column":93}},"1":{"start":{"line":2,"column":0},"end":{"line":2,"column":71}},"2":{"start":{"line":3,"column":0},"end":{"line":3,"column":61}},"3":{"start":{"line":12,"column":7},"end":{"line":33,"column":null}},"4":{"start":{"line":13,"column":10},"end":{"line":13,"column":34}},"5":{"start":{"line":14,"column":12},"end":{"line":14,"column":58}},"6":{"start":{"line":16,"column":2},"end":{"line":16,"column":57}},"7":{"start":{"line":19,"column":2},"end":{"line":19,"column":48}},"8":{"start":{"line":20,"column":2},"end":{"line":20,"column":60}},"9":{"start":{"line":22,"column":2},"end":{"line":25,"column":5}},"10":{"start":{"line":22,"column":34},"end":{"line":25,"column":3}},"11":{"start":{"line":23,"column":4},"end":{"line":23,"column":28}},"12":{"start":{"line":23,"column":15},"end":{"line":23,"column":28}},"13":{"start":{"line":24,"column":4},"end":{"line":24,"column":44}},"14":{"start":{"line":28,"column":4},"end":{"line":31,"column":8}},"15":{"start":{"line":28,"column":40},"end":{"line":31,"column":6}},"16":{"start":{"line":12,"column":13},"end":{"line":12,"column":33}},"17":{"start":{"line":12,"column":13},"end":{"line":33,"column":null}}},"fnMap":{"0":{"name":"(anonymous_1)","decl":{"start":{"line":12,"column":7},"end":{"line":12,"column":13}},"loc":{"start":{"line":12,"column":7},"end":{"line":33,"column":1}}},"1":{"name":"(anonymous_2)","decl":{"start":{"line":22,"column":28},"end":{"line":22,"column":31}},"loc":{"start":{"line":22,"column":34},"end":{"line":25,"column":3}}},"2":{"name":"(anonymous_3)","decl":{"start":{"line":22,"column":34},"end":{"line":22,"column":35}},"loc":{"start":{"line":22,"column":52},"end":{"line":25,"column":3}}},"3":{"name":"(anonymous_4)","decl":{"start":{"line":27,"column":2},"end":{"line":27,"column":8}},"loc":{"start":{"line":27,"column":19},"end":{"line":32,"column":3}}},"4":{"name":"(anonymous_5)","decl":{"start":{"line":28,"column":30},"end":{"line":28,"column":35}},"loc":{"start":{"line":28,"column":40},"end":{"line":31,"column":6}}}},"branchMap":{"0":{"loc":{"start":{"line":23,"column":4},"end":{"line":23,"column":28}},"type":"if","locations":[{"start":{"line":23,"column":4},"end":{"line":23,"column":28}},{"start":{},"end":{}}]}},"s":{"0":0,"1":0,"2":0,"3":0,"4":0,"5":0,"6":0,"7":0,"8":0,"9":0,"10":0,"11":0,"12":0,"13":0,"14":0,"15":0,"16":0,"17":0},"f":{"0":0,"1":0,"2":0,"3":0,"4":0},"b":{"0":[0,0]}}
,"C:\\Users\\prath\\crm\\src\\dashboard\\clients\\client-manager.component.ts": {"path":"C:\\Users\\prath\\crm\\src\\dashboard\\clients\\client-manager.component.ts","statementMap":{"0":{"start":{"line":1,"column":0},"end":{"line":1,"column":65}},"1":{"start":{"line":2,"column":0},"end":{"line":2,"column":47}},"2":{"start":{"line":3,"column":0},"end":{"line":3,"column":45}},"3":{"start":{"line":4,"column":0},"end":{"line":4,"column":61}},"4":{"start":{"line":5,"column":0},"end":{"line":5,"column":82}},"5":{"start":{"line":13,"column":7},"end":{"line":67,"column":null}},"6":{"start":{"line":14,"column":12},"end":{"line":14,"column":43}},"7":{"start":{"line":15,"column":12},"end":{"line":15,"column":56}},"8":{"start":{"line":17,"column":4},"end":{"line":17,"column":41}},"9":{"start":{"line":18,"column":4},"end":{"line":18,"column":42}},"10":{"start":{"line":19,"column":4},"end":{"line":19,"column":26}},"11":{"start":{"line":21,"column":4},"end":{"line":25,"column":6}},"12":{"start":{"line":28,"column":8},"end":{"line":33,"column":11}},"13":{"start":{"line":29,"column":12},"end":{"line":29,"column":41}},"14":{"start":{"line":30,"column":12},"end":{"line":32,"column":13}},"15":{"start":{"line":31,"column":16},"end":{"line":31,"column":38}},"16":{"start":{"line":37,"column":8},"end":{"line":37,"column":35}},"17":{"start":{"line":37,"column":28},"end":{"line":37,"column":35}},"18":{"start":{"line":38,"column":27},"end":{"line":38,"column":79}},"19":{"start":{"line":39,"column":8},"end":{"line":39,"column":36}},"20":{"start":{"line":40,"column":8},"end":{"line":40,"column":27}},"21":{"start":{"line":44,"column":8},"end":{"line":44,"column":35}},"22":{"start":{"line":44,"column":28},"end":{"line":44,"column":35}},"23":{"start":{"line":45,"column":28},"end":{"line":45,"column":81}},"24":{"start":{"line":46,"column":8},"end":{"line":46,"column":38}},"25":{"start":{"line":50,"column":8},"end":{"line":50,"column":44}},"26":{"start":{"line":50,"column":37},"end":{"line":50,"column":44}},"27":{"start":{"line":52,"column":8},"end":{"line":65,"column":9}},"28":{"start":{"line":53,"column":12},"end":{"line":59,"column":15}},"29":{"start":{"line":60,"column":12},"end":{"line":60,"column":40}},"30":{"start":{"line":61,"column":12},"end":{"line":61,"column":41}},"31":{"start":{"line":62,"column":12},"end":{"line":62,"column":31}},"32":{"start":{"line":64,"column":12},"end":{"line":64,"column":58}},"33":{"start":{"line":13,"column":13},"end":{"line":13,"column":35}},"34":{"start":{"line":13,"column":13},"end":{"line":67,"column":null}}},"fnMap":{"0":{"name":"(anonymous_1)","decl":{"start":{"line":27,"column":4},"end":{"line":27,"column":null}},"loc":{"start":{"line":27,"column":4},"end":{"line":34,"column":5}}},"1":{"name":"(anonymous_2)","decl":{"start":{"line":28,"column":36},"end":{"line":28,"column":42}},"loc":{"start":{"line":28,"column":45},"end":{"line":33,"column":9}}},"2":{"name":"(anonymous_3)","decl":{"start":{"line":36,"column":4},"end":{"line":36,"column":9}},"loc":{"start":{"line":36,"column":24},"end":{"line":41,"column":5}}},"3":{"name":"(anonymous_4)","decl":{"start":{"line":43,"column":4},"end":{"line":43,"column":9}},"loc":{"start":{"line":43,"column":21},"end":{"line":47,"column":5}}},"4":{"name":"(anonymous_5)","decl":{"start":{"line":49,"column":4},"end":{"line":49,"column":9}},"loc":{"start":{"line":49,"column":20},"end":{"line":66,"column":5}}}},"branchMap":{"0":{"loc":{"start":{"line":30,"column":12},"end":{"line":32,"column":13}},"type":"if","locations":[{"start":{"line":30,"column":12},"end":{"line":32,"column":13}},{"start":{},"end":{}}]},"1":{"loc":{"start":{"line":37,"column":8},"end":{"line":37,"column":35}},"type":"if","locations":[{"start":{"line":37,"column":8},"end":{"line":37,"column":35}},{"start":{},"end":{}}]},"2":{"loc":{"start":{"line":44,"column":8},"end":{"line":44,"column":35}},"type":"if","locations":[{"start":{"line":44,"column":8},"end":{"line":44,"column":35}},{"start":{},"end":{}}]},"3":{"loc":{"start":{"line":50,"column":8},"end":{"line":50,"column":44}},"type":"if","locations":[{"start":{"line":50,"column":8},"end":{"line":50,"column":44}},{"start":{},"end":{}}]}},"s":{"0":0,"1":0,"2":0,"3":0,"4":0,"5":0,"6":0,"7":0,"8":0,"9":0,"10":0,"11":0,"12":0,"13":0,"14":0,"15":0,"16":0,"17":0,"18":0,"19":0,"20":0,"21":0,"22":0,"23":0,"24":0,"25":0,"26":0,"27":0,"28":0,"29":0,"30":0,"31":0,"32":0,"33":0,"34":0},"f":{"0":0,"1":0,"2":0,"3":0,"4":0},"b":{"0":[0,0],"1":[0,0],"2":[0,0],"3":[0,0]}}
,"C:\\Users\\prath\\crm\\src\\dashboard\\clients\\clients.component.ts": {"path":"C:\\Users\\prath\\crm\\src\\dashboard\\clients\\clients.component.ts","statementMap":{"0":{"start":{"line":1,"column":0},"end":{"line":1,"column":58}},"1":{"start":{"line":2,"column":0},"end":{"line":2,"column":47}},"2":{"start":{"line":3,"column":0},"end":{"line":3,"column":45}},"3":{"start":{"line":4,"column":0},"end":{"line":4,"column":45}},"4":{"start":{"line":5,"column":0},"end":{"line":5,"column":67}},"5":{"start":{"line":13,"column":7},"end":{"line":73,"column":null}},"6":{"start":{"line":14,"column":12},"end":{"line":14,"column":56}},"7":{"start":{"line":16,"column":4},"end":{"line":16,"column":35}},"8":{"start":{"line":17,"column":4},"end":{"line":17,"column":31}},"9":{"start":{"line":20,"column":4},"end":{"line":24,"column":7}},"10":{"start":{"line":27,"column":4},"end":{"line":32,"column":6}},"11":{"start":{"line":35,"column":8},"end":{"line":35,"column":27}},"12":{"start":{"line":39,"column":21},"end":{"line":39,"column":61}},"13":{"start":{"line":40,"column":8},"end":{"line":40,"column":31}},"14":{"start":{"line":41,"column":8},"end":{"line":41,"column":34}},"15":{"start":{"line":45,"column":8},"end":{"line":49,"column":11}},"16":{"start":{"line":53,"column":8},"end":{"line":53,"column":97}},"17":{"start":{"line":53,"column":90},"end":{"line":53,"column":97}},"18":{"start":{"line":55,"column":8},"end":{"line":61,"column":9}},"19":{"start":{"line":56,"column":12},"end":{"line":56,"column":76}},"20":{"start":{"line":57,"column":12},"end":{"line":57,"column":39}},"21":{"start":{"line":58,"column":12},"end":{"line":58,"column":31}},"22":{"start":{"line":60,"column":12},"end":{"line":60,"column":66}},"23":{"start":{"line":65,"column":8},"end":{"line":65,"column":39}},"24":{"start":{"line":67,"column":8},"end":{"line":67,"column":83}},"25":{"start":{"line":71,"column":8},"end":{"line":71,"column":40}},"26":{"start":{"line":13,"column":13},"end":{"line":13,"column":29}},"27":{"start":{"line":13,"column":13},"end":{"line":73,"column":null}}},"fnMap":{"0":{"name":"(anonymous_1)","decl":{"start":{"line":34,"column":4},"end":{"line":34,"column":null}},"loc":{"start":{"line":34,"column":4},"end":{"line":36,"column":5}}},"1":{"name":"(anonymous_2)","decl":{"start":{"line":38,"column":4},"end":{"line":38,"column":9}},"loc":{"start":{"line":38,"column":21},"end":{"line":42,"column":5}}},"2":{"name":"(anonymous_3)","decl":{"start":{"line":44,"column":4},"end":{"line":44,"column":18}},"loc":{"start":{"line":44,"column":36},"end":{"line":50,"column":5}}},"3":{"name":"(anonymous_4)","decl":{"start":{"line":52,"column":4},"end":{"line":52,"column":9}},"loc":{"start":{"line":52,"column":22},"end":{"line":62,"column":5}}},"4":{"name":"(anonymous_5)","decl":{"start":{"line":64,"column":4},"end":{"line":64,"column":22}},"loc":{"start":{"line":64,"column":22},"end":{"line":68,"column":5}}},"5":{"name":"(anonymous_6)","decl":{"start":{"line":70,"column":4},"end":{"line":70,"column":23}},"loc":{"start":{"line":70,"column":23},"end":{"line":72,"column":5}}}},"branchMap":{"0":{"loc":{"start":{"line":53,"column":8},"end":{"line":53,"column":97}},"type":"if","locations":[{"start":{"line":53,"column":8},"end":{"line":53,"column":97}},{"start":{},"end":{}}]},"1":{"loc":{"start":{"line":53,"column":12},"end":{"line":53,"column":88}},"type":"binary-expr","locations":[{"start":{"line":53,"column":12},"end":{"line":53,"column":32}},{"start":{"line":53,"column":36},"end":{"line":53,"column":60}},{"start":{"line":53,"column":64},"end":{"line":53,"column":88}}]}},"s":{"0":0,"1":0,"2":0,"3":0,"4":0,"5":0,"6":0,"7":0,"8":0,"9":0,"10":0,"11":0,"12":0,"13":0,"14":0,"15":0,"16":0,"17":0,"18":0,"19":0,"20":0,"21":0,"22":0,"23":0,"24":0,"25":0,"26":0,"27":0},"f":{"0":0,"1":0,"2":0,"3":0,"4":0,"5":0},"b":{"0":[0,0],"1":[0,0,0]}}
,"C:\\Users\\prath\\crm\\src\\lib\\utils.ts": {"path":"C:\\Users\\prath\\crm\\src\\lib\\utils.ts","statementMap":{"0":{"start":{"line":4,"column":0},"end":{"line":4,"column":16}},"1":{"start":{"line":1,"column":0},"end":{"line":1,"column":45}},"2":{"start":{"line":2,"column":0},"end":{"line":2,"column":41}},"3":{"start":{"line":5,"column":4},"end":{"line":5,"column":33}}},"fnMap":{"0":{"name":"cn","decl":{"start":{"line":4,"column":16},"end":{"line":4,"column":18}},"loc":{"start":{"line":4,"column":42},"end":{"line":6,"column":1}}}},"branchMap":{},"s":{"0":0,"1":0,"2":0,"3":0},"f":{"0":0},"b":{}}
,"C:\\Users\\prath\\crm\\src\\portal\\portal-dashboard.component.ts": {"path":"C:\\Users\\prath\\crm\\src\\portal\\portal-dashboard.component.ts","statementMap":{"0":{"start":{"line":1,"column":0},"end":{"line":1,"column":58}},"1":{"start":{"line":2,"column":0},"end":{"line":2,"column":47}},"2":{"start":{"line":3,"column":0},"end":{"line":3,"column":41}},"3":{"start":{"line":4,"column":0},"end":{"line":4,"column":79}},"4":{"start":{"line":12,"column":7},"end":{"line":51,"column":null}},"5":{"start":{"line":13,"column":12},"end":{"line":13,"column":56}},"6":{"start":{"line":14,"column":12},"end":{"line":14,"column":36}},"7":{"start":{"line":16,"column":4},"end":{"line":16,"column":41}},"8":{"start":{"line":17,"column":4},"end":{"line":17,"column":42}},"9":{"start":{"line":18,"column":4},"end":{"line":18,"column":19}},"10":{"start":{"line":21,"column":8},"end":{"line":21,"column":24}},"11":{"start":{"line":25,"column":25},"end":{"line":25,"column":65}},"12":{"start":{"line":26,"column":8},"end":{"line":29,"column":9}},"13":{"start":{"line":27,"column":12},"end":{"line":27,"column":52}},"14":{"start":{"line":28,"column":12},"end":{"line":28,"column":19}},"15":{"start":{"line":31,"column":8},"end":{"line":44,"column":9}},"16":{"start":{"line":32,"column":31},"end":{"line":32,"column":78}},"17":{"start":{"line":33,"column":12},"end":{"line":39,"column":13}},"18":{"start":{"line":34,"column":16},"end":{"line":34,"column":44}},"19":{"start":{"line":35,"column":36},"end":{"line":35,"column":84}},"20":{"start":{"line":36,"column":16},"end":{"line":36,"column":46}},"21":{"start":{"line":38,"column":16},"end":{"line":38,"column":30}},"22":{"start":{"line":41,"column":12},"end":{"line":41,"column":58}},"23":{"start":{"line":43,"column":12},"end":{"line":43,"column":33}},"24":{"start":{"line":48,"column":8},"end":{"line":48,"column":52}},"25":{"start":{"line":49,"column":8},"end":{"line":49,"column":48}},"26":{"start":{"line":12,"column":13},"end":{"line":12,"column":37}},"27":{"start":{"line":12,"column":13},"end":{"line":51,"column":null}}},"fnMap":{"0":{"name":"(anonymous_1)","decl":{"start":{"line":20,"column":4},"end":{"line":20,"column":null}},"loc":{"start":{"line":20,"column":4},"end":{"line":22,"column":5}}},"1":{"name":"(anonymous_2)","decl":{"start":{"line":24,"column":4},"end":{"line":24,"column":9}},"loc":{"start":{"line":24,"column":18},"end":{"line":45,"column":5}}},"2":{"name":"(anonymous_3)","decl":{"start":{"line":47,"column":4},"end":{"line":47,"column":10}},"loc":{"start":{"line":47,"column":10},"end":{"line":50,"column":5}}}},"branchMap":{"0":{"loc":{"start":{"line":26,"column":8},"end":{"line":29,"column":9}},"type":"if","locations":[{"start":{"line":26,"column":8},"end":{"line":29,"column":9}},{"start":{},"end":{}}]},"1":{"loc":{"start":{"line":33,"column":12},"end":{"line":39,"column":13}},"type":"if","locations":[{"start":{"line":33,"column":12},"end":{"line":39,"column":13}},{"start":{"line":37,"column":19},"end":{"line":39,"column":13}}]}},"s":{"0":0,"1":0,"2":0,"3":0,"4":0,"5":0,"6":0,"7":0,"8":0,"9":0,"10":0,"11":0,"12":0,"13":0,"14":0,"15":0,"16":0,"17":0,"18":0,"19":0,"20":0,"21":0,"22":0,"23":0,"24":0,"25":0,"26":0,"27":0},"f":{"0":0,"1":0,"2":0},"b":{"0":[0,0],"1":[0,0]}}
,"C:\\Users\\prath\\crm\\src\\portal\\portal-login.component.ts": {"path":"C:\\Users\\prath\\crm\\src\\portal\\portal-login.component.ts","statementMap":{"0":{"start":{"line":1,"column":0},"end":{"line":1,"column":50}},"1":{"start":{"line":2,"column":0},"end":{"line":2,"column":47}},"2":{"start":{"line":3,"column":0},"end":{"line":3,"column":45}},"3":{"start":{"line":4,"column":0},"end":{"line":4,"column":41}},"4":{"start":{"line":5,"column":0},"end":{"line":5,"column":56}},"5":{"start":{"line":13,"column":7},"end":{"line":40,"column":null}},"6":{"start":{"line":14,"column":12},"end":{"line":14,"column":56}},"7":{"start":{"line":15,"column":12},"end":{"line":15,"column":36}},"8":{"start":{"line":17,"column":4},"end":{"line":17,"column":18}},"9":{"start":{"line":18,"column":4},"end":{"line":18,"column":18}},"10":{"start":{"line":19,"column":4},"end":{"line":19,"column":15}},"11":{"start":{"line":20,"column":4},"end":{"line":20,"column":20}},"12":{"start":{"line":23,"column":8},"end":{"line":23,"column":28}},"13":{"start":{"line":24,"column":8},"end":{"line":24,"column":24}},"14":{"start":{"line":26,"column":8},"end":{"line":38,"column":9}},"15":{"start":{"line":27,"column":27},"end":{"line":27,"column":96}},"16":{"start":{"line":28,"column":12},"end":{"line":33,"column":13}},"17":{"start":{"line":29,"column":16},"end":{"line":29,"column":68}},"18":{"start":{"line":30,"column":16},"end":{"line":30,"column":60}},"19":{"start":{"line":32,"column":16},"end":{"line":32,"column":51}},"20":{"start":{"line":35,"column":12},"end":{"line":35,"column":48}},"21":{"start":{"line":37,"column":12},"end":{"line":37,"column":33}},"22":{"start":{"line":13,"column":13},"end":{"line":13,"column":33}},"23":{"start":{"line":13,"column":13},"end":{"line":40,"column":null}}},"fnMap":{"0":{"name":"(anonymous_1)","decl":{"start":{"line":13,"column":7},"end":{"line":13,"column":13}},"loc":{"start":{"line":13,"column":7},"end":{"line":40,"column":1}}},"1":{"name":"(anonymous_2)","decl":{"start":{"line":22,"column":4},"end":{"line":22,"column":9}},"loc":{"start":{"line":22,"column":15},"end":{"line":39,"column":5}}}},"branchMap":{"0":{"loc":{"start":{"line":28,"column":12},"end":{"line":33,"column":13}},"type":"if","locations":[{"start":{"line":28,"column":12},"end":{"line":33,"column":13}},{"start":{"line":31,"column":19},"end":{"line":33,"column":13}}]},"1":{"loc":{"start":{"line":28,"column":16},"end":{"line":28,"column":35}},"type":"binary-expr","locations":[{"start":{"line":28,"column":16},"end":{"line":28,"column":22}},{"start":{"line":28,"column":26},"end":{"line":28,"column":35}}]}},"s":{"0":0,"1":0,"2":0,"3":0,"4":0,"5":0,"6":0,"7":0,"8":0,"9":0,"10":0,"11":0,"12":0,"13":0,"14":0,"15":0,"16":0,"17":0,"18":0,"19":0,"20":0,"21":0,"22":0,"23":0},"f":{"0":0,"1":0},"b":{"0":[0,0],"1":[0,0]}}
}
